已經開始建置於 2013/1/22 下午 02:12:56。
     1>節點 2 (build 目標) 上的專案 "D:\9833238_CNC\blake\blake\blake.vcxproj"。
     1>InitializeBuildStatus:
         由於指定了 "AlwaysCreate"，因此正在建立 "Debug\blake.unsuccessfulbuild"。
       GenerateTargetFrameworkMonikerAttribute:
       將略過目標 "GenerateTargetFrameworkMonikerAttribute"，因為所有輸出檔對於其輸入檔而言都已更新。
       ClCompile:
         C:\Program Files (x86)\Microsoft Visual Studio 10.0\VC\bin\CL.exe /c /AI"C:\Program Files (x86)\Reference Assemblies\Microsoft\Framework\.NETFramework\v4.0" /Zi /clr /nologo /W3 /WX- /Od /Oy- /D WIN32 /D _DEBUG /D _UNICODE /D UNICODE /EHa /MDd /GS /fp:precise /Zc:wchar_t /Zc:forScope /Yc"StdAfx.h" /Fp"Debug\blake.pch" /Fo"Debug\\" /Fd"Debug\vc100.pdb" /TP /FU"C:\Program Files (x86)\Reference Assemblies\Microsoft\Framework\.NETFramework\v4.0\System.Core.dll" /FU"C:\Program Files (x86)\Reference Assemblies\Microsoft\Framework\.NETFramework\v4.0\System.Data.dll" /FU"C:\Program Files (x86)\Reference Assemblies\Microsoft\Framework\.NETFramework\v4.0\System.dll" /FU"C:\Program Files (x86)\Reference Assemblies\Microsoft\Framework\.NETFramework\v4.0\System.Drawing.dll" /FU"C:\Program Files (x86)\Reference Assemblies\Microsoft\Framework\.NETFramework\v4.0\System.Windows.Forms.dll" /FU"C:\Program Files (x86)\Reference Assemblies\Microsoft\Framework\.NETFramework\v4.0\System.Xml.dll" /analyze- /errorReport:prompt stdafx.cpp /clr:nostdlib 
         stdafx.cpp
         C:\Program Files (x86)\Microsoft Visual Studio 10.0\VC\bin\CL.exe /c /AI"C:\Program Files (x86)\Reference Assemblies\Microsoft\Framework\.NETFramework\v4.0" /Zi /clr /nologo /W3 /WX- /Od /Oy- /D WIN32 /D _DEBUG /D _UNICODE /D UNICODE /EHa /MDd /GS /fp:precise /Zc:wchar_t /Zc:forScope /Yu"StdAfx.h" /Fp"Debug\blake.pch" /Fo"Debug\\" /Fd"Debug\vc100.pdb" /TP /FU"C:\Program Files (x86)\Reference Assemblies\Microsoft\Framework\.NETFramework\v4.0\System.Core.dll" /FU"C:\Program Files (x86)\Reference Assemblies\Microsoft\Framework\.NETFramework\v4.0\System.Data.dll" /FU"C:\Program Files (x86)\Reference Assemblies\Microsoft\Framework\.NETFramework\v4.0\System.dll" /FU"C:\Program Files (x86)\Reference Assemblies\Microsoft\Framework\.NETFramework\v4.0\System.Drawing.dll" /FU"C:\Program Files (x86)\Reference Assemblies\Microsoft\Framework\.NETFramework\v4.0\System.Windows.Forms.dll" /FU"C:\Program Files (x86)\Reference Assemblies\Microsoft\Framework\.NETFramework\v4.0\System.Xml.dll" /analyze- /errorReport:prompt ..\CNC\SRC\CNC.cpp ..\DEC\SRC\dec.cpp ..\FIFO\SRC\fifo.cpp ..\INTP\SRC\INTP.cpp ..\MMI\SRC\MMI.cpp ..\SYS\SRC\SYS.cpp AssemblyInfo.cpp blake.cpp /clr:nostdlib 
         CNC.cpp
         dec.cpp
     1>..\DEC\SRC\dec.cpp(50): warning C4553: '==' : 運算子無效; 要使用 '=' 嗎?
     1>..\DEC\SRC\dec.cpp(170): warning C4996: 'strcpy': This function or variable may be unsafe. Consider using strcpy_s instead. To disable deprecation, use _CRT_SECURE_NO_WARNINGS. See online help for details.
                 C:\Program Files (x86)\Microsoft Visual Studio 10.0\VC\include\string.h(105) : 請參閱 'strcpy' 的宣告
     1>..\DEC\SRC\dec.cpp(176): warning C4996: 'strcpy': This function or variable may be unsafe. Consider using strcpy_s instead. To disable deprecation, use _CRT_SECURE_NO_WARNINGS. See online help for details.
                 C:\Program Files (x86)\Microsoft Visual Studio 10.0\VC\include\string.h(105) : 請參閱 'strcpy' 的宣告
     1>..\DEC\SRC\dec.cpp(189): warning C4996: 'fopen': This function or variable may be unsafe. Consider using fopen_s instead. To disable deprecation, use _CRT_SECURE_NO_WARNINGS. See online help for details.
                 C:\Program Files (x86)\Microsoft Visual Studio 10.0\VC\include\stdio.h(234) : 請參閱 'fopen' 的宣告
     1>..\DEC\SRC\dec.cpp(331): warning C4553: '==' : 運算子無效; 要使用 '=' 嗎?
     1>..\DEC\SRC\dec.cpp(360): warning C4244: '=' : 將 'double' 轉換為 'float'，由於型別不同，可能導致資料遺失
     1>..\DEC\SRC\dec.cpp(361): warning C4553: '==' : 運算子無效; 要使用 '=' 嗎?
     1>..\DEC\SRC\dec.cpp(374): warning C4244: '=' : 將 'double' 轉換為 'int'，由於型別不同，可能導致資料遺失
     1>..\DEC\SRC\dec.cpp(473): warning C4244: '=' : 將 'double' 轉換為 'int'，由於型別不同，可能導致資料遺失
     1>..\DEC\SRC\dec.cpp(533): warning C4244: '=' : 將 'double' 轉換為 'int'，由於型別不同，可能導致資料遺失
     1>..\DEC\SRC\dec.cpp(852): warning C4244: '=' : 將 'double' 轉換為 'float'，由於型別不同，可能導致資料遺失
     1>..\DEC\SRC\dec.cpp(754): warning C4101: 'i' : 未參考的區域變數
         fifo.cpp
         INTP.cpp
     1>..\INTP\SRC\INTP.cpp(28): warning C4244: '=' : 將 'double' 轉換為 'int'，由於型別不同，可能導致資料遺失
     1>..\INTP\SRC\INTP.cpp(29): warning C4244: '=' : 將 'double' 轉換為 'int'，由於型別不同，可能導致資料遺失
     1>..\INTP\SRC\INTP.cpp(31): warning C4244: '=' : 將 'double' 轉換為 'int'，由於型別不同，可能導致資料遺失
     1>..\INTP\SRC\INTP.cpp(91): warning C4244: '=' : 將 'double' 轉換為 'int'，由於型別不同，可能導致資料遺失
     1>..\INTP\SRC\INTP.cpp(92): warning C4244: '=' : 將 'double' 轉換為 'int'，由於型別不同，可能導致資料遺失
     1>..\INTP\SRC\INTP.cpp(94): warning C4244: '=' : 將 'double' 轉換為 'int'，由於型別不同，可能導致資料遺失
     1>..\INTP\SRC\INTP.cpp(257): warning C4805: '==' : 作業中不安全的混用型別 'double' 和型別 'bool'
     1>..\INTP\SRC\INTP.cpp(257): warning C4553: '==' : 運算子無效; 要使用 '=' 嗎?
     1>..\INTP\SRC\INTP.cpp(262): warning C4805: '==' : 作業中不安全的混用型別 'double' 和型別 'bool'
     1>..\INTP\SRC\INTP.cpp(262): warning C4553: '==' : 運算子無效; 要使用 '=' 嗎?
     1>..\INTP\SRC\INTP.cpp(326): warning C4805: '==' : 作業中不安全的混用型別 'double' 和型別 'bool'
     1>..\INTP\SRC\INTP.cpp(446): warning C4805: '==' : 作業中不安全的混用型別 'double' 和型別 'bool'
     1>..\INTP\SRC\INTP.cpp(488): warning C4800: 'float' : 強制將 bool 的值定為 'true' 或 'false' (效能警告)
     1>..\INTP\SRC\INTP.cpp(516): warning C4800: 'float' : 強制將 bool 的值定為 'true' 或 'false' (效能警告)
     1>..\INTP\SRC\INTP.cpp(540): warning C4805: '==' : 作業中不安全的混用型別 'double' 和型別 'bool'
     1>..\INTP\SRC\INTP.cpp(772): warning C4804: '>=' : 作業中不安全的使用型別 'bool'
     1>..\INTP\SRC\INTP.cpp(787): warning C4804: '>=' : 作業中不安全的使用型別 'bool'
         MMI.cpp
     1>..\MMI\SRC\MMI.cpp(34): warning C4244: '=' : 將 'double' 轉換為 'int'，由於型別不同，可能導致資料遺失
     1>..\MMI\SRC\MMI.cpp(62): warning C4244: '=' : 將 'double' 轉換為 'int'，由於型別不同，可能導致資料遺失
         SYS.cpp
     1>..\SYS\SRC\SYS.cpp(111): warning C4996: 'strcpy': This function or variable may be unsafe. Consider using strcpy_s instead. To disable deprecation, use _CRT_SECURE_NO_WARNINGS. See online help for details.
                 C:\Program Files (x86)\Microsoft Visual Studio 10.0\VC\include\string.h(105) : 請參閱 'strcpy' 的宣告
     1>..\SYS\SRC\SYS.cpp(160): warning C4996: 'strcpy': This function or variable may be unsafe. Consider using strcpy_s instead. To disable deprecation, use _CRT_SECURE_NO_WARNINGS. See online help for details.
                 C:\Program Files (x86)\Microsoft Visual Studio 10.0\VC\include\string.h(105) : 請參閱 'strcpy' 的宣告
         AssemblyInfo.cpp
         blake.cpp
     1>d:\9833238_cnc\blake\blake\Form1.h(2473): warning C4996: 'sprintf': This function or variable may be unsafe. Consider using sprintf_s instead. To disable deprecation, use _CRT_SECURE_NO_WARNINGS. See online help for details.
                 C:\Program Files (x86)\Microsoft Visual Studio 10.0\VC\include\stdio.h(371) : 請參閱 'sprintf' 的宣告
     1>d:\9833238_cnc\blake\blake\Form1.h(2474): warning C4996: 'strcat': This function or variable may be unsafe. Consider using strcat_s instead. To disable deprecation, use _CRT_SECURE_NO_WARNINGS. See online help for details.
                 C:\Program Files (x86)\Microsoft Visual Studio 10.0\VC\include\string.h(110) : 請參閱 'strcat' 的宣告
     1>d:\9833238_cnc\blake\blake\Form1.h(2511): warning C4996: 'fopen': This function or variable may be unsafe. Consider using fopen_s instead. To disable deprecation, use _CRT_SECURE_NO_WARNINGS. See online help for details.
                 C:\Program Files (x86)\Microsoft Visual Studio 10.0\VC\include\stdio.h(234) : 請參閱 'fopen' 的宣告
         正在產生程式碼...
     1>d:\9833238_cnc\blake\fifo\src\fifo.cpp(109): warning C4715: 'testFifo_Empty' : 不是所有控制路徑都傳回值
         C:\Program Files (x86)\Microsoft Visual Studio 10.0\VC\bin\CL.exe /c /Zi /clr /nologo /W3 /WX- /Od /Oy- /D WIN32 /D _DEBUG /D _UNICODE /D UNICODE /EHa /MDd /GS /fp:precise /Zc:wchar_t /Zc:forScope /Fo"Debug\\" /Fd"Debug\vc100.pdb" /TP /analyze- /errorReport:prompt "C:\Users\asus\AppData\Local\Temp\.NETFramework,Version=v4.0.AssemblyAttributes.cpp"
         .NETFramework,Version=v4.0.AssemblyAttributes.cpp
       CoreResGen:
         所有輸出都是最新的。
       ResourceCompile:
         C:\Program Files (x86)\Microsoft SDKs\Windows\v7.0A\bin\rc.exe /D _UNICODE /D UNICODE /l"0x0409" /nologo /fo"Debug\app.res" app.rc 
       Link:
         C:\Program Files (x86)\Microsoft Visual Studio 10.0\VC\bin\link.exe /ERRORREPORT:PROMPT /OUT:"D:\9833238_CNC\blake\Debug\blake.exe" /INCREMENTAL /NOLOGO ..\Drivers\LIB\driverCreate_2012.lib ..\Drivers\LIB\MEPCIOPCIDrv.lib kernel32.lib user32.lib gdi32.lib winspool.lib comdlg32.lib advapi32.lib shell32.lib ole32.lib oleaut32.lib uuid.lib odbc32.lib odbccp32.lib /ASSEMBLYRESOURCE:Debug\blake.Form1.resources /MANIFEST /ManifestFile:"Debug\blake.exe.intermediate.manifest" /MANIFESTUAC:"level='asInvoker' uiAccess='false'" /DEBUG /PDB:"D:\9833238_CNC\blake\Debug\blake.pdb" /ASSEMBLYDEBUG /SUBSYSTEM:WINDOWS /TLBID:1 /ENTRY:"main" /DYNAMICBASE /FIXED:NO /NXCOMPAT /MACHINE:X86 Debug\app.res
         Debug\CNC.obj
         Debug\dec.obj
         Debug\fifo.obj
         Debug\INTP.obj
         Debug\MMI.obj
         Debug\SYS.obj
         Debug\AssemblyInfo.obj
         Debug\blake.obj
         Debug\stdafx.obj
         "Debug\.NETFramework,Version=v4.0.AssemblyAttributes.obj"
         ..\Drivers\LIB\driverCreate_2012.lib
         ..\Drivers\LIB\MEPCIOPCIDrv.lib
         blake.vcxproj -> D:\9833238_CNC\blake\Debug\blake.exe
       Manifest:
         C:\Program Files (x86)\Microsoft SDKs\Windows\v7.0A\bin\mt.exe /nologo /verbose /outputresource:"D:\9833238_CNC\blake\Debug\blake.exe;#1" /manifest Debug\blake.exe.intermediate.manifest
       FinalizeBuildStatus:
         正在刪除檔案 "Debug\blake.unsuccessfulbuild"。
         正在變更時間戳記 "Debug\blake.lastbuildstate"。
     1>專案 "D:\9833238_CNC\blake\blake\blake.vcxproj" (build 目標) 建置完成。

建置成功。

經過時間 00:00:06.42
