D:\9833238_CNC\BLAKE\BLAKE\DEBUG\.NETFRAMEWORK,VERSION=V4.0.ASSEMBLYATTRIBUTES.OBJ
D:\9833238_CNC\BLAKE\BLAKE\DEBUG\APP.RES
D:\9833238_CNC\BLAKE\BLAKE\DEBUG\ASSEMBLYINFO.OBJ
D:\9833238_CNC\BLAKE\BLAKE\DEBUG\BLAKE.EXE.INTERMEDIATE.MANIFEST
D:\9833238_CNC\BLAKE\BLAKE\DEBUG\BLAKE.FORM1.RESOURCES
D:\9833238_CNC\BLAKE\BLAKE\DEBUG\BLAKE.OBJ
D:\9833238_CNC\BLAKE\BLAKE\DEBUG\BLAKE.PCH
D:\9833238_CNC\blake\blake\Debug\blake.write.1.tlog
D:\9833238_CNC\blake\blake\Debug\cl.command.1.tlog
D:\9833238_CNC\blake\blake\Debug\CL.read.1.tlog
D:\9833238_CNC\blake\blake\Debug\CL.write.1.tlog
D:\9833238_CNC\BLAKE\BLAKE\DEBUG\CNC.OBJ
D:\9833238_CNC\BLAKE\BLAKE\DEBUG\DEC.OBJ
D:\9833238_CNC\BLAKE\BLAKE\DEBUG\FIFO.OBJ
D:\9833238_CNC\blake\blake\Debug\GenerateResource.read.1.tlog
D:\9833238_CNC\blake\blake\Debug\GenerateResource.read.10.tlog
D:\9833238_CNC\blake\blake\Debug\GenerateResource.read.107.tlog
D:\9833238_CNC\blake\blake\Debug\GenerateResource.read.11.tlog
D:\9833238_CNC\blake\blake\Debug\GenerateResource.read.117.tlog
D:\9833238_CNC\blake\blake\Debug\GenerateResource.read.118.tlog
D:\9833238_CNC\blake\blake\Debug\GenerateResource.read.128.tlog
D:\9833238_CNC\blake\blake\Debug\GenerateResource.read.166.tlog
D:\9833238_CNC\blake\blake\Debug\GenerateResource.read.21.tlog
D:\9833238_CNC\blake\blake\Debug\GenerateResource.read.22.tlog
D:\9833238_CNC\blake\blake\Debug\GenerateResource.read.23.tlog
D:\9833238_CNC\blake\blake\Debug\GenerateResource.read.74.tlog
D:\9833238_CNC\blake\blake\Debug\GenerateResource.read.8.tlog
D:\9833238_CNC\blake\blake\Debug\GenerateResource.read.85.tlog
D:\9833238_CNC\blake\blake\Debug\GenerateResource.read.9.tlog
D:\9833238_CNC\blake\blake\Debug\GenerateResource.write.1.tlog
D:\9833238_CNC\blake\blake\Debug\GenerateResource.write.10.tlog
D:\9833238_CNC\blake\blake\Debug\GenerateResource.write.107.tlog
D:\9833238_CNC\blake\blake\Debug\GenerateResource.write.11.tlog
D:\9833238_CNC\blake\blake\Debug\GenerateResource.write.117.tlog
D:\9833238_CNC\blake\blake\Debug\GenerateResource.write.118.tlog
D:\9833238_CNC\blake\blake\Debug\GenerateResource.write.128.tlog
D:\9833238_CNC\blake\blake\Debug\GenerateResource.write.166.tlog
D:\9833238_CNC\blake\blake\Debug\GenerateResource.write.21.tlog
D:\9833238_CNC\blake\blake\Debug\GenerateResource.write.22.tlog
D:\9833238_CNC\blake\blake\Debug\GenerateResource.write.23.tlog
D:\9833238_CNC\blake\blake\Debug\GenerateResource.write.74.tlog
D:\9833238_CNC\blake\blake\Debug\GenerateResource.write.8.tlog
D:\9833238_CNC\blake\blake\Debug\GenerateResource.write.85.tlog
D:\9833238_CNC\blake\blake\Debug\GenerateResource.write.9.tlog
D:\9833238_CNC\BLAKE\BLAKE\DEBUG\INTP.OBJ
D:\9833238_CNC\blake\blake\Debug\link.1020.read.1.tlog
D:\9833238_CNC\blake\blake\Debug\link.1020.write.1.tlog
D:\9833238_CNC\blake\blake\Debug\link.1020-cvtres.read.1.tlog
D:\9833238_CNC\blake\blake\Debug\link.1020-cvtres.write.1.tlog
D:\9833238_CNC\blake\blake\Debug\link.1028.read.1.tlog
D:\9833238_CNC\blake\blake\Debug\link.1028.write.1.tlog
D:\9833238_CNC\blake\blake\Debug\link.1028-cvtres.read.1.tlog
D:\9833238_CNC\blake\blake\Debug\link.1028-cvtres.write.1.tlog
D:\9833238_CNC\blake\blake\Debug\link.1064.read.1.tlog
D:\9833238_CNC\blake\blake\Debug\link.1064.write.1.tlog
D:\9833238_CNC\blake\blake\Debug\link.1064-cvtres.read.1.tlog
D:\9833238_CNC\blake\blake\Debug\link.1064-cvtres.write.1.tlog
D:\9833238_CNC\blake\blake\Debug\link.1124.read.1.tlog
D:\9833238_CNC\blake\blake\Debug\link.1124.write.1.tlog
D:\9833238_CNC\blake\blake\Debug\link.1124-cvtres.read.1.tlog
D:\9833238_CNC\blake\blake\Debug\link.1124-cvtres.write.1.tlog
D:\9833238_CNC\blake\blake\Debug\link.1156.read.1.tlog
D:\9833238_CNC\blake\blake\Debug\link.1156.write.1.tlog
D:\9833238_CNC\blake\blake\Debug\link.1156-cvtres.read.1.tlog
D:\9833238_CNC\blake\blake\Debug\link.1156-cvtres.write.1.tlog
D:\9833238_CNC\blake\blake\Debug\link.1208.read.1.tlog
D:\9833238_CNC\blake\blake\Debug\link.1208.write.1.tlog
D:\9833238_CNC\blake\blake\Debug\link.1208-cvtres.read.1.tlog
D:\9833238_CNC\blake\blake\Debug\link.1208-cvtres.write.1.tlog
D:\9833238_CNC\blake\blake\Debug\link.1220.read.1.tlog
D:\9833238_CNC\blake\blake\Debug\link.1220.write.1.tlog
D:\9833238_CNC\blake\blake\Debug\link.1220-cvtres.read.1.tlog
D:\9833238_CNC\blake\blake\Debug\link.1220-cvtres.write.1.tlog
D:\9833238_CNC\blake\blake\Debug\link.1224.read.1.tlog
D:\9833238_CNC\blake\blake\Debug\link.1224.write.1.tlog
D:\9833238_CNC\blake\blake\Debug\link.1224-cvtres.read.1.tlog
D:\9833238_CNC\blake\blake\Debug\link.1224-cvtres.write.1.tlog
D:\9833238_CNC\blake\blake\Debug\link.128.read.1.tlog
D:\9833238_CNC\blake\blake\Debug\link.128.write.1.tlog
D:\9833238_CNC\blake\blake\Debug\link.1284.read.1.tlog
D:\9833238_CNC\blake\blake\Debug\link.1284.write.1.tlog
D:\9833238_CNC\blake\blake\Debug\link.1284-cvtres.read.1.tlog
D:\9833238_CNC\blake\blake\Debug\link.1284-cvtres.write.1.tlog
D:\9833238_CNC\blake\blake\Debug\link.128-cvtres.read.1.tlog
D:\9833238_CNC\blake\blake\Debug\link.128-cvtres.write.1.tlog
D:\9833238_CNC\blake\blake\Debug\link.1380.read.1.tlog
D:\9833238_CNC\blake\blake\Debug\link.1380.write.1.tlog
D:\9833238_CNC\blake\blake\Debug\link.1380-cvtres.read.1.tlog
D:\9833238_CNC\blake\blake\Debug\link.1380-cvtres.write.1.tlog
D:\9833238_CNC\blake\blake\Debug\link.1416.read.1.tlog
D:\9833238_CNC\blake\blake\Debug\link.1416.write.1.tlog
D:\9833238_CNC\blake\blake\Debug\link.1416-cvtres.read.1.tlog
D:\9833238_CNC\blake\blake\Debug\link.1416-cvtres.write.1.tlog
D:\9833238_CNC\blake\blake\Debug\link.1444.read.1.tlog
D:\9833238_CNC\blake\blake\Debug\link.1444.write.1.tlog
D:\9833238_CNC\blake\blake\Debug\link.1444-cvtres.read.1.tlog
D:\9833238_CNC\blake\blake\Debug\link.1444-cvtres.write.1.tlog
D:\9833238_CNC\blake\blake\Debug\link.1512.read.1.tlog
D:\9833238_CNC\blake\blake\Debug\link.1512.write.1.tlog
D:\9833238_CNC\blake\blake\Debug\link.1512-cvtres.read.1.tlog
D:\9833238_CNC\blake\blake\Debug\link.1512-cvtres.write.1.tlog
D:\9833238_CNC\blake\blake\Debug\link.1528.read.1.tlog
D:\9833238_CNC\blake\blake\Debug\link.1528.write.1.tlog
D:\9833238_CNC\blake\blake\Debug\link.1528-cvtres.read.1.tlog
D:\9833238_CNC\blake\blake\Debug\link.1528-cvtres.write.1.tlog
D:\9833238_CNC\blake\blake\Debug\link.1532.read.1.tlog
D:\9833238_CNC\blake\blake\Debug\link.1532.write.1.tlog
D:\9833238_CNC\blake\blake\Debug\link.1532-cvtres.read.1.tlog
D:\9833238_CNC\blake\blake\Debug\link.1532-cvtres.write.1.tlog
D:\9833238_CNC\blake\blake\Debug\link.1556.read.1.tlog
D:\9833238_CNC\blake\blake\Debug\link.1556.write.1.tlog
D:\9833238_CNC\blake\blake\Debug\link.1556-cvtres.read.1.tlog
D:\9833238_CNC\blake\blake\Debug\link.1556-cvtres.write.1.tlog
D:\9833238_CNC\blake\blake\Debug\link.1656.read.1.tlog
D:\9833238_CNC\blake\blake\Debug\link.1656.write.1.tlog
D:\9833238_CNC\blake\blake\Debug\link.1656-cvtres.read.1.tlog
D:\9833238_CNC\blake\blake\Debug\link.1656-cvtres.write.1.tlog
D:\9833238_CNC\blake\blake\Debug\link.1688.read.1.tlog
D:\9833238_CNC\blake\blake\Debug\link.1688.write.1.tlog
D:\9833238_CNC\blake\blake\Debug\link.1688-cvtres.read.1.tlog
D:\9833238_CNC\blake\blake\Debug\link.1688-cvtres.write.1.tlog
D:\9833238_CNC\blake\blake\Debug\link.1696.read.1.tlog
D:\9833238_CNC\blake\blake\Debug\link.1696.write.1.tlog
D:\9833238_CNC\blake\blake\Debug\link.1696-cvtres.read.1.tlog
D:\9833238_CNC\blake\blake\Debug\link.1696-cvtres.write.1.tlog
D:\9833238_CNC\blake\blake\Debug\link.1700.read.1.tlog
D:\9833238_CNC\blake\blake\Debug\link.1700.write.1.tlog
D:\9833238_CNC\blake\blake\Debug\link.1700-cvtres.read.1.tlog
D:\9833238_CNC\blake\blake\Debug\link.1700-cvtres.write.1.tlog
D:\9833238_CNC\blake\blake\Debug\link.1716.read.1.tlog
D:\9833238_CNC\blake\blake\Debug\link.1716.write.1.tlog
D:\9833238_CNC\blake\blake\Debug\link.1716-cvtres.read.1.tlog
D:\9833238_CNC\blake\blake\Debug\link.1716-cvtres.write.1.tlog
D:\9833238_CNC\blake\blake\Debug\link.1728.read.1.tlog
D:\9833238_CNC\blake\blake\Debug\link.1728.write.1.tlog
D:\9833238_CNC\blake\blake\Debug\link.1728-cvtres.read.1.tlog
D:\9833238_CNC\blake\blake\Debug\link.1728-cvtres.write.1.tlog
D:\9833238_CNC\blake\blake\Debug\link.1732.read.1.tlog
D:\9833238_CNC\blake\blake\Debug\link.1732.write.1.tlog
D:\9833238_CNC\blake\blake\Debug\link.1732-cvtres.read.1.tlog
D:\9833238_CNC\blake\blake\Debug\link.1732-cvtres.write.1.tlog
D:\9833238_CNC\blake\blake\Debug\link.1856.read.1.tlog
D:\9833238_CNC\blake\blake\Debug\link.1856.write.1.tlog
D:\9833238_CNC\blake\blake\Debug\link.1856-cvtres.read.1.tlog
D:\9833238_CNC\blake\blake\Debug\link.1856-cvtres.write.1.tlog
D:\9833238_CNC\blake\blake\Debug\link.1900.read.1.tlog
D:\9833238_CNC\blake\blake\Debug\link.1900.write.1.tlog
D:\9833238_CNC\blake\blake\Debug\link.1900-cvtres.read.1.tlog
D:\9833238_CNC\blake\blake\Debug\link.1900-cvtres.write.1.tlog
D:\9833238_CNC\blake\blake\Debug\link.1944.read.1.tlog
D:\9833238_CNC\blake\blake\Debug\link.1944.write.1.tlog
D:\9833238_CNC\blake\blake\Debug\link.1944-cvtres.read.1.tlog
D:\9833238_CNC\blake\blake\Debug\link.1944-cvtres.write.1.tlog
D:\9833238_CNC\blake\blake\Debug\link.2052.read.1.tlog
D:\9833238_CNC\blake\blake\Debug\link.2052.write.1.tlog
D:\9833238_CNC\blake\blake\Debug\link.2052-cvtres.read.1.tlog
D:\9833238_CNC\blake\blake\Debug\link.2052-cvtres.write.1.tlog
D:\9833238_CNC\blake\blake\Debug\link.2076.read.1.tlog
D:\9833238_CNC\blake\blake\Debug\link.2076.write.1.tlog
D:\9833238_CNC\blake\blake\Debug\link.2076-cvtres.read.1.tlog
D:\9833238_CNC\blake\blake\Debug\link.2076-cvtres.write.1.tlog
D:\9833238_CNC\blake\blake\Debug\link.2100.read.1.tlog
D:\9833238_CNC\blake\blake\Debug\link.2100.write.1.tlog
D:\9833238_CNC\blake\blake\Debug\link.2100-cvtres.read.1.tlog
D:\9833238_CNC\blake\blake\Debug\link.2100-cvtres.write.1.tlog
D:\9833238_CNC\blake\blake\Debug\link.2124.read.1.tlog
D:\9833238_CNC\blake\blake\Debug\link.2124.write.1.tlog
D:\9833238_CNC\blake\blake\Debug\link.2124-cvtres.read.1.tlog
D:\9833238_CNC\blake\blake\Debug\link.2124-cvtres.write.1.tlog
D:\9833238_CNC\blake\blake\Debug\link.2128.read.1.tlog
D:\9833238_CNC\blake\blake\Debug\link.2128.write.1.tlog
D:\9833238_CNC\blake\blake\Debug\link.2128-cvtres.read.1.tlog
D:\9833238_CNC\blake\blake\Debug\link.2128-cvtres.write.1.tlog
D:\9833238_CNC\blake\blake\Debug\link.2180.read.1.tlog
D:\9833238_CNC\blake\blake\Debug\link.2180.write.1.tlog
D:\9833238_CNC\blake\blake\Debug\link.2180-cvtres.read.1.tlog
D:\9833238_CNC\blake\blake\Debug\link.2180-cvtres.write.1.tlog
D:\9833238_CNC\blake\blake\Debug\link.2340.read.1.tlog
D:\9833238_CNC\blake\blake\Debug\link.2340.write.1.tlog
D:\9833238_CNC\blake\blake\Debug\link.2340-cvtres.read.1.tlog
D:\9833238_CNC\blake\blake\Debug\link.2340-cvtres.write.1.tlog
D:\9833238_CNC\blake\blake\Debug\link.2356.read.1.tlog
D:\9833238_CNC\blake\blake\Debug\link.2356.write.1.tlog
D:\9833238_CNC\blake\blake\Debug\link.2356-cvtres.read.1.tlog
D:\9833238_CNC\blake\blake\Debug\link.2356-cvtres.write.1.tlog
D:\9833238_CNC\blake\blake\Debug\link.2404.read.1.tlog
D:\9833238_CNC\blake\blake\Debug\link.2404.write.1.tlog
D:\9833238_CNC\blake\blake\Debug\link.2404-cvtres.read.1.tlog
D:\9833238_CNC\blake\blake\Debug\link.2404-cvtres.write.1.tlog
D:\9833238_CNC\blake\blake\Debug\link.2464.read.1.tlog
D:\9833238_CNC\blake\blake\Debug\link.2464.write.1.tlog
D:\9833238_CNC\blake\blake\Debug\link.2464-cvtres.read.1.tlog
D:\9833238_CNC\blake\blake\Debug\link.2464-cvtres.write.1.tlog
D:\9833238_CNC\blake\blake\Debug\link.2532.read.1.tlog
D:\9833238_CNC\blake\blake\Debug\link.2532.write.1.tlog
D:\9833238_CNC\blake\blake\Debug\link.2532-cvtres.read.1.tlog
D:\9833238_CNC\blake\blake\Debug\link.2532-cvtres.write.1.tlog
D:\9833238_CNC\blake\blake\Debug\link.2536.read.1.tlog
D:\9833238_CNC\blake\blake\Debug\link.2536.write.1.tlog
D:\9833238_CNC\blake\blake\Debug\link.2536-cvtres.read.1.tlog
D:\9833238_CNC\blake\blake\Debug\link.2536-cvtres.write.1.tlog
D:\9833238_CNC\blake\blake\Debug\link.2552.read.1.tlog
D:\9833238_CNC\blake\blake\Debug\link.2552.write.1.tlog
D:\9833238_CNC\blake\blake\Debug\link.2552-cvtres.read.1.tlog
D:\9833238_CNC\blake\blake\Debug\link.2552-cvtres.write.1.tlog
D:\9833238_CNC\blake\blake\Debug\link.2608.read.1.tlog
D:\9833238_CNC\blake\blake\Debug\link.2608.write.1.tlog
D:\9833238_CNC\blake\blake\Debug\link.2608-cvtres.read.1.tlog
D:\9833238_CNC\blake\blake\Debug\link.2608-cvtres.write.1.tlog
D:\9833238_CNC\blake\blake\Debug\link.2628.read.1.tlog
D:\9833238_CNC\blake\blake\Debug\link.2628.write.1.tlog
D:\9833238_CNC\blake\blake\Debug\link.2628-cvtres.read.1.tlog
D:\9833238_CNC\blake\blake\Debug\link.2628-cvtres.write.1.tlog
D:\9833238_CNC\blake\blake\Debug\link.2736.read.1.tlog
D:\9833238_CNC\blake\blake\Debug\link.2736.write.1.tlog
D:\9833238_CNC\blake\blake\Debug\link.2736-cvtres.read.1.tlog
D:\9833238_CNC\blake\blake\Debug\link.2736-cvtres.write.1.tlog
D:\9833238_CNC\blake\blake\Debug\link.2868.read.1.tlog
D:\9833238_CNC\blake\blake\Debug\link.2868.write.1.tlog
D:\9833238_CNC\blake\blake\Debug\link.2868-cvtres.read.1.tlog
D:\9833238_CNC\blake\blake\Debug\link.2868-cvtres.write.1.tlog
D:\9833238_CNC\blake\blake\Debug\link.2876.read.1.tlog
D:\9833238_CNC\blake\blake\Debug\link.2876.write.1.tlog
D:\9833238_CNC\blake\blake\Debug\link.2876-cvtres.read.1.tlog
D:\9833238_CNC\blake\blake\Debug\link.2876-cvtres.write.1.tlog
D:\9833238_CNC\blake\blake\Debug\link.2912.read.1.tlog
D:\9833238_CNC\blake\blake\Debug\link.2912.write.1.tlog
D:\9833238_CNC\blake\blake\Debug\link.2912-cvtres.read.1.tlog
D:\9833238_CNC\blake\blake\Debug\link.2912-cvtres.write.1.tlog
D:\9833238_CNC\blake\blake\Debug\link.2932.read.1.tlog
D:\9833238_CNC\blake\blake\Debug\link.2932.write.1.tlog
D:\9833238_CNC\blake\blake\Debug\link.2932-cvtres.read.1.tlog
D:\9833238_CNC\blake\blake\Debug\link.2932-cvtres.write.1.tlog
D:\9833238_CNC\blake\blake\Debug\link.3020.read.1.tlog
D:\9833238_CNC\blake\blake\Debug\link.3020.write.1.tlog
D:\9833238_CNC\blake\blake\Debug\link.3020-cvtres.read.1.tlog
D:\9833238_CNC\blake\blake\Debug\link.3020-cvtres.write.1.tlog
D:\9833238_CNC\blake\blake\Debug\link.3060.read.1.tlog
D:\9833238_CNC\blake\blake\Debug\link.3060.write.1.tlog
D:\9833238_CNC\blake\blake\Debug\link.3060-cvtres.read.1.tlog
D:\9833238_CNC\blake\blake\Debug\link.3060-cvtres.write.1.tlog
D:\9833238_CNC\blake\blake\Debug\link.3096.read.1.tlog
D:\9833238_CNC\blake\blake\Debug\link.3096.write.1.tlog
D:\9833238_CNC\blake\blake\Debug\link.3096-cvtres.read.1.tlog
D:\9833238_CNC\blake\blake\Debug\link.3096-cvtres.write.1.tlog
D:\9833238_CNC\blake\blake\Debug\link.3132.read.1.tlog
D:\9833238_CNC\blake\blake\Debug\link.3132.write.1.tlog
D:\9833238_CNC\blake\blake\Debug\link.3132-cvtres.read.1.tlog
D:\9833238_CNC\blake\blake\Debug\link.3132-cvtres.write.1.tlog
D:\9833238_CNC\blake\blake\Debug\link.3156.read.1.tlog
D:\9833238_CNC\blake\blake\Debug\link.3156.write.1.tlog
D:\9833238_CNC\blake\blake\Debug\link.3156-cvtres.read.1.tlog
D:\9833238_CNC\blake\blake\Debug\link.3156-cvtres.write.1.tlog
D:\9833238_CNC\blake\blake\Debug\link.3160.read.1.tlog
D:\9833238_CNC\blake\blake\Debug\link.3160.write.1.tlog
D:\9833238_CNC\blake\blake\Debug\link.3160-cvtres.read.1.tlog
D:\9833238_CNC\blake\blake\Debug\link.3160-cvtres.write.1.tlog
D:\9833238_CNC\blake\blake\Debug\link.3220.read.1.tlog
D:\9833238_CNC\blake\blake\Debug\link.3220.write.1.tlog
D:\9833238_CNC\blake\blake\Debug\link.3220-cvtres.read.1.tlog
D:\9833238_CNC\blake\blake\Debug\link.3220-cvtres.write.1.tlog
D:\9833238_CNC\blake\blake\Debug\link.3256.read.1.tlog
D:\9833238_CNC\blake\blake\Debug\link.3256.write.1.tlog
D:\9833238_CNC\blake\blake\Debug\link.3256-cvtres.read.1.tlog
D:\9833238_CNC\blake\blake\Debug\link.3256-cvtres.write.1.tlog
D:\9833238_CNC\blake\blake\Debug\link.3280.read.1.tlog
D:\9833238_CNC\blake\blake\Debug\link.3280.write.1.tlog
D:\9833238_CNC\blake\blake\Debug\link.3280-cvtres.read.1.tlog
D:\9833238_CNC\blake\blake\Debug\link.3280-cvtres.write.1.tlog
D:\9833238_CNC\blake\blake\Debug\link.3300.read.1.tlog
D:\9833238_CNC\blake\blake\Debug\link.3300.write.1.tlog
D:\9833238_CNC\blake\blake\Debug\link.3300-cvtres.read.1.tlog
D:\9833238_CNC\blake\blake\Debug\link.3300-cvtres.write.1.tlog
D:\9833238_CNC\blake\blake\Debug\link.3316.read.1.tlog
D:\9833238_CNC\blake\blake\Debug\link.3316.write.1.tlog
D:\9833238_CNC\blake\blake\Debug\link.3316-cvtres.read.1.tlog
D:\9833238_CNC\blake\blake\Debug\link.3316-cvtres.write.1.tlog
D:\9833238_CNC\blake\blake\Debug\link.3360.read.1.tlog
D:\9833238_CNC\blake\blake\Debug\link.3360.write.1.tlog
D:\9833238_CNC\blake\blake\Debug\link.3360-cvtres.read.1.tlog
D:\9833238_CNC\blake\blake\Debug\link.3360-cvtres.write.1.tlog
D:\9833238_CNC\blake\blake\Debug\link.3376.read.1.tlog
D:\9833238_CNC\blake\blake\Debug\link.3376.write.1.tlog
D:\9833238_CNC\blake\blake\Debug\link.3376-cvtres.read.1.tlog
D:\9833238_CNC\blake\blake\Debug\link.3376-cvtres.write.1.tlog
D:\9833238_CNC\blake\blake\Debug\link.3448.read.1.tlog
D:\9833238_CNC\blake\blake\Debug\link.3448.write.1.tlog
D:\9833238_CNC\blake\blake\Debug\link.3448-cvtres.read.1.tlog
D:\9833238_CNC\blake\blake\Debug\link.3448-cvtres.write.1.tlog
D:\9833238_CNC\blake\blake\Debug\link.3484.read.1.tlog
D:\9833238_CNC\blake\blake\Debug\link.3484.write.1.tlog
D:\9833238_CNC\blake\blake\Debug\link.3484-cvtres.read.1.tlog
D:\9833238_CNC\blake\blake\Debug\link.3484-cvtres.write.1.tlog
D:\9833238_CNC\blake\blake\Debug\link.3496.read.1.tlog
D:\9833238_CNC\blake\blake\Debug\link.3496.write.1.tlog
D:\9833238_CNC\blake\blake\Debug\link.3496-cvtres.read.1.tlog
D:\9833238_CNC\blake\blake\Debug\link.3496-cvtres.write.1.tlog
D:\9833238_CNC\blake\blake\Debug\link.3560.read.1.tlog
D:\9833238_CNC\blake\blake\Debug\link.3560.write.1.tlog
D:\9833238_CNC\blake\blake\Debug\link.3560-cvtres.read.1.tlog
D:\9833238_CNC\blake\blake\Debug\link.3560-cvtres.write.1.tlog
D:\9833238_CNC\blake\blake\Debug\link.3612.read.1.tlog
D:\9833238_CNC\blake\blake\Debug\link.3612.write.1.tlog
D:\9833238_CNC\blake\blake\Debug\link.3612-cvtres.read.1.tlog
D:\9833238_CNC\blake\blake\Debug\link.3612-cvtres.write.1.tlog
D:\9833238_CNC\blake\blake\Debug\link.3688.read.1.tlog
D:\9833238_CNC\blake\blake\Debug\link.3688.write.1.tlog
D:\9833238_CNC\blake\blake\Debug\link.3688-cvtres.read.1.tlog
D:\9833238_CNC\blake\blake\Debug\link.3688-cvtres.write.1.tlog
D:\9833238_CNC\blake\blake\Debug\link.3784.read.1.tlog
D:\9833238_CNC\blake\blake\Debug\link.3784.write.1.tlog
D:\9833238_CNC\blake\blake\Debug\link.3784-cvtres.read.1.tlog
D:\9833238_CNC\blake\blake\Debug\link.3784-cvtres.write.1.tlog
D:\9833238_CNC\blake\blake\Debug\link.3804.read.1.tlog
D:\9833238_CNC\blake\blake\Debug\link.3804.write.1.tlog
D:\9833238_CNC\blake\blake\Debug\link.3804-cvtres.read.1.tlog
D:\9833238_CNC\blake\blake\Debug\link.3804-cvtres.write.1.tlog
D:\9833238_CNC\blake\blake\Debug\link.3844.read.1.tlog
D:\9833238_CNC\blake\blake\Debug\link.3844.write.1.tlog
D:\9833238_CNC\blake\blake\Debug\link.3844-cvtres.read.1.tlog
D:\9833238_CNC\blake\blake\Debug\link.3844-cvtres.write.1.tlog
D:\9833238_CNC\blake\blake\Debug\link.3864.read.1.tlog
D:\9833238_CNC\blake\blake\Debug\link.3864.write.1.tlog
D:\9833238_CNC\blake\blake\Debug\link.3864-cvtres.read.1.tlog
D:\9833238_CNC\blake\blake\Debug\link.3864-cvtres.write.1.tlog
D:\9833238_CNC\blake\blake\Debug\link.3868.read.1.tlog
D:\9833238_CNC\blake\blake\Debug\link.3868.write.1.tlog
D:\9833238_CNC\blake\blake\Debug\link.3868-cvtres.read.1.tlog
D:\9833238_CNC\blake\blake\Debug\link.3868-cvtres.write.1.tlog
D:\9833238_CNC\blake\blake\Debug\link.3892.read.1.tlog
D:\9833238_CNC\blake\blake\Debug\link.3892.write.1.tlog
D:\9833238_CNC\blake\blake\Debug\link.3892-cvtres.read.1.tlog
D:\9833238_CNC\blake\blake\Debug\link.3892-cvtres.write.1.tlog
D:\9833238_CNC\blake\blake\Debug\link.3896.read.1.tlog
D:\9833238_CNC\blake\blake\Debug\link.3896.write.1.tlog
D:\9833238_CNC\blake\blake\Debug\link.3896-cvtres.read.1.tlog
D:\9833238_CNC\blake\blake\Debug\link.3896-cvtres.write.1.tlog
D:\9833238_CNC\blake\blake\Debug\link.3908.read.1.tlog
D:\9833238_CNC\blake\blake\Debug\link.3908.write.1.tlog
D:\9833238_CNC\blake\blake\Debug\link.3908-cvtres.read.1.tlog
D:\9833238_CNC\blake\blake\Debug\link.3908-cvtres.write.1.tlog
D:\9833238_CNC\blake\blake\Debug\link.3920.read.1.tlog
D:\9833238_CNC\blake\blake\Debug\link.3920.write.1.tlog
D:\9833238_CNC\blake\blake\Debug\link.3920-cvtres.read.1.tlog
D:\9833238_CNC\blake\blake\Debug\link.3920-cvtres.write.1.tlog
D:\9833238_CNC\blake\blake\Debug\link.3976.read.1.tlog
D:\9833238_CNC\blake\blake\Debug\link.3976.write.1.tlog
D:\9833238_CNC\blake\blake\Debug\link.3976-cvtres.read.1.tlog
D:\9833238_CNC\blake\blake\Debug\link.3976-cvtres.write.1.tlog
D:\9833238_CNC\blake\blake\Debug\link.3980.read.1.tlog
D:\9833238_CNC\blake\blake\Debug\link.3980.write.1.tlog
D:\9833238_CNC\blake\blake\Debug\link.3980-cvtres.read.1.tlog
D:\9833238_CNC\blake\blake\Debug\link.3980-cvtres.write.1.tlog
D:\9833238_CNC\blake\blake\Debug\link.3984.read.1.tlog
D:\9833238_CNC\blake\blake\Debug\link.3984.write.1.tlog
D:\9833238_CNC\blake\blake\Debug\link.3984-cvtres.read.1.tlog
D:\9833238_CNC\blake\blake\Debug\link.3984-cvtres.write.1.tlog
D:\9833238_CNC\blake\blake\Debug\link.4008.read.1.tlog
D:\9833238_CNC\blake\blake\Debug\link.4008.write.1.tlog
D:\9833238_CNC\blake\blake\Debug\link.4008-cvtres.read.1.tlog
D:\9833238_CNC\blake\blake\Debug\link.4008-cvtres.write.1.tlog
D:\9833238_CNC\blake\blake\Debug\link.4020.read.1.tlog
D:\9833238_CNC\blake\blake\Debug\link.4020.write.1.tlog
D:\9833238_CNC\blake\blake\Debug\link.4020-cvtres.read.1.tlog
D:\9833238_CNC\blake\blake\Debug\link.4020-cvtres.write.1.tlog
D:\9833238_CNC\blake\blake\Debug\link.4056.read.1.tlog
D:\9833238_CNC\blake\blake\Debug\link.4056.write.1.tlog
D:\9833238_CNC\blake\blake\Debug\link.4056-cvtres.read.1.tlog
D:\9833238_CNC\blake\blake\Debug\link.4056-cvtres.write.1.tlog
D:\9833238_CNC\blake\blake\Debug\link.4064.read.1.tlog
D:\9833238_CNC\blake\blake\Debug\link.4064.write.1.tlog
D:\9833238_CNC\blake\blake\Debug\link.4064-cvtres.read.1.tlog
D:\9833238_CNC\blake\blake\Debug\link.4064-cvtres.write.1.tlog
D:\9833238_CNC\blake\blake\Debug\link.4068.read.1.tlog
D:\9833238_CNC\blake\blake\Debug\link.4068.write.1.tlog
D:\9833238_CNC\blake\blake\Debug\link.4068-cvtres.read.1.tlog
D:\9833238_CNC\blake\blake\Debug\link.4068-cvtres.write.1.tlog
D:\9833238_CNC\blake\blake\Debug\link.4084.read.1.tlog
D:\9833238_CNC\blake\blake\Debug\link.4084.write.1.tlog
D:\9833238_CNC\blake\blake\Debug\link.4084-cvtres.read.1.tlog
D:\9833238_CNC\blake\blake\Debug\link.4084-cvtres.write.1.tlog
D:\9833238_CNC\blake\blake\Debug\link.4108.read.1.tlog
D:\9833238_CNC\blake\blake\Debug\link.4108.write.1.tlog
D:\9833238_CNC\blake\blake\Debug\link.4108-cvtres.read.1.tlog
D:\9833238_CNC\blake\blake\Debug\link.4108-cvtres.write.1.tlog
D:\9833238_CNC\blake\blake\Debug\link.4116.read.1.tlog
D:\9833238_CNC\blake\blake\Debug\link.4116.write.1.tlog
D:\9833238_CNC\blake\blake\Debug\link.4116-cvtres.read.1.tlog
D:\9833238_CNC\blake\blake\Debug\link.4116-cvtres.write.1.tlog
D:\9833238_CNC\blake\blake\Debug\link.4168.read.1.tlog
D:\9833238_CNC\blake\blake\Debug\link.4168.write.1.tlog
D:\9833238_CNC\blake\blake\Debug\link.4168-cvtres.read.1.tlog
D:\9833238_CNC\blake\blake\Debug\link.4168-cvtres.write.1.tlog
D:\9833238_CNC\blake\blake\Debug\link.4216.read.1.tlog
D:\9833238_CNC\blake\blake\Debug\link.4216.write.1.tlog
D:\9833238_CNC\blake\blake\Debug\link.4216-cvtres.read.1.tlog
D:\9833238_CNC\blake\blake\Debug\link.4216-cvtres.write.1.tlog
D:\9833238_CNC\blake\blake\Debug\link.4256.read.1.tlog
D:\9833238_CNC\blake\blake\Debug\link.4256.write.1.tlog
D:\9833238_CNC\blake\blake\Debug\link.4256-cvtres.read.1.tlog
D:\9833238_CNC\blake\blake\Debug\link.4256-cvtres.write.1.tlog
D:\9833238_CNC\blake\blake\Debug\link.4264.read.1.tlog
D:\9833238_CNC\blake\blake\Debug\link.4264.write.1.tlog
D:\9833238_CNC\blake\blake\Debug\link.4264-cvtres.read.1.tlog
D:\9833238_CNC\blake\blake\Debug\link.4264-cvtres.write.1.tlog
D:\9833238_CNC\blake\blake\Debug\link.4304.read.1.tlog
D:\9833238_CNC\blake\blake\Debug\link.4304.write.1.tlog
D:\9833238_CNC\blake\blake\Debug\link.4304-cvtres.read.1.tlog
D:\9833238_CNC\blake\blake\Debug\link.4304-cvtres.write.1.tlog
D:\9833238_CNC\blake\blake\Debug\link.4344.read.1.tlog
D:\9833238_CNC\blake\blake\Debug\link.4344.write.1.tlog
D:\9833238_CNC\blake\blake\Debug\link.4344-cvtres.read.1.tlog
D:\9833238_CNC\blake\blake\Debug\link.4344-cvtres.write.1.tlog
D:\9833238_CNC\blake\blake\Debug\link.4348.read.1.tlog
D:\9833238_CNC\blake\blake\Debug\link.4348.write.1.tlog
D:\9833238_CNC\blake\blake\Debug\link.4348-cvtres.read.1.tlog
D:\9833238_CNC\blake\blake\Debug\link.4348-cvtres.write.1.tlog
D:\9833238_CNC\blake\blake\Debug\link.4416.read.1.tlog
D:\9833238_CNC\blake\blake\Debug\link.4416.write.1.tlog
D:\9833238_CNC\blake\blake\Debug\link.4416-cvtres.read.1.tlog
D:\9833238_CNC\blake\blake\Debug\link.4416-cvtres.write.1.tlog
D:\9833238_CNC\blake\blake\Debug\link.444.read.1.tlog
D:\9833238_CNC\blake\blake\Debug\link.444.write.1.tlog
D:\9833238_CNC\blake\blake\Debug\link.444-cvtres.read.1.tlog
D:\9833238_CNC\blake\blake\Debug\link.444-cvtres.write.1.tlog
D:\9833238_CNC\blake\blake\Debug\link.4460.read.1.tlog
D:\9833238_CNC\blake\blake\Debug\link.4460.write.1.tlog
D:\9833238_CNC\blake\blake\Debug\link.4460-cvtres.read.1.tlog
D:\9833238_CNC\blake\blake\Debug\link.4460-cvtres.write.1.tlog
D:\9833238_CNC\blake\blake\Debug\link.4476.read.1.tlog
D:\9833238_CNC\blake\blake\Debug\link.4476.write.1.tlog
D:\9833238_CNC\blake\blake\Debug\link.4476-cvtres.read.1.tlog
D:\9833238_CNC\blake\blake\Debug\link.4476-cvtres.write.1.tlog
D:\9833238_CNC\blake\blake\Debug\link.4480.read.1.tlog
D:\9833238_CNC\blake\blake\Debug\link.4480.write.1.tlog
D:\9833238_CNC\blake\blake\Debug\link.4480-cvtres.read.1.tlog
D:\9833238_CNC\blake\blake\Debug\link.4480-cvtres.write.1.tlog
D:\9833238_CNC\blake\blake\Debug\link.4528.read.1.tlog
D:\9833238_CNC\blake\blake\Debug\link.4528.write.1.tlog
D:\9833238_CNC\blake\blake\Debug\link.4528-cvtres.read.1.tlog
D:\9833238_CNC\blake\blake\Debug\link.4528-cvtres.write.1.tlog
D:\9833238_CNC\blake\blake\Debug\link.4532.read.1.tlog
D:\9833238_CNC\blake\blake\Debug\link.4532.write.1.tlog
D:\9833238_CNC\blake\blake\Debug\link.4532-cvtres.read.1.tlog
D:\9833238_CNC\blake\blake\Debug\link.4532-cvtres.write.1.tlog
D:\9833238_CNC\blake\blake\Debug\link.4636.read.1.tlog
D:\9833238_CNC\blake\blake\Debug\link.4636.write.1.tlog
D:\9833238_CNC\blake\blake\Debug\link.4636-cvtres.read.1.tlog
D:\9833238_CNC\blake\blake\Debug\link.4636-cvtres.write.1.tlog
D:\9833238_CNC\blake\blake\Debug\link.4684.read.1.tlog
D:\9833238_CNC\blake\blake\Debug\link.4684.write.1.tlog
D:\9833238_CNC\blake\blake\Debug\link.4684-cvtres.read.1.tlog
D:\9833238_CNC\blake\blake\Debug\link.4684-cvtres.write.1.tlog
D:\9833238_CNC\blake\blake\Debug\link.4700.read.1.tlog
D:\9833238_CNC\blake\blake\Debug\link.4700.write.1.tlog
D:\9833238_CNC\blake\blake\Debug\link.4700-cvtres.read.1.tlog
D:\9833238_CNC\blake\blake\Debug\link.4700-cvtres.write.1.tlog
D:\9833238_CNC\blake\blake\Debug\link.4768.read.1.tlog
D:\9833238_CNC\blake\blake\Debug\link.4768.write.1.tlog
D:\9833238_CNC\blake\blake\Debug\link.4768-cvtres.read.1.tlog
D:\9833238_CNC\blake\blake\Debug\link.4768-cvtres.write.1.tlog
D:\9833238_CNC\blake\blake\Debug\link.4788.read.1.tlog
D:\9833238_CNC\blake\blake\Debug\link.4788.write.1.tlog
D:\9833238_CNC\blake\blake\Debug\link.4788-cvtres.read.1.tlog
D:\9833238_CNC\blake\blake\Debug\link.4788-cvtres.write.1.tlog
D:\9833238_CNC\blake\blake\Debug\link.4816.read.1.tlog
D:\9833238_CNC\blake\blake\Debug\link.4816.write.1.tlog
D:\9833238_CNC\blake\blake\Debug\link.4816-cvtres.read.1.tlog
D:\9833238_CNC\blake\blake\Debug\link.4816-cvtres.write.1.tlog
D:\9833238_CNC\blake\blake\Debug\link.488.read.1.tlog
D:\9833238_CNC\blake\blake\Debug\link.488.write.1.tlog
D:\9833238_CNC\blake\blake\Debug\link.488-cvtres.read.1.tlog
D:\9833238_CNC\blake\blake\Debug\link.488-cvtres.write.1.tlog
D:\9833238_CNC\blake\blake\Debug\link.4976.read.1.tlog
D:\9833238_CNC\blake\blake\Debug\link.4976.write.1.tlog
D:\9833238_CNC\blake\blake\Debug\link.4976-cvtres.read.1.tlog
D:\9833238_CNC\blake\blake\Debug\link.4976-cvtres.write.1.tlog
D:\9833238_CNC\blake\blake\Debug\link.4996.read.1.tlog
D:\9833238_CNC\blake\blake\Debug\link.4996.write.1.tlog
D:\9833238_CNC\blake\blake\Debug\link.4996-cvtres.read.1.tlog
D:\9833238_CNC\blake\blake\Debug\link.4996-cvtres.write.1.tlog
D:\9833238_CNC\blake\blake\Debug\link.5076.read.1.tlog
D:\9833238_CNC\blake\blake\Debug\link.5076.write.1.tlog
D:\9833238_CNC\blake\blake\Debug\link.5076-cvtres.read.1.tlog
D:\9833238_CNC\blake\blake\Debug\link.5076-cvtres.write.1.tlog
D:\9833238_CNC\blake\blake\Debug\link.5088.read.1.tlog
D:\9833238_CNC\blake\blake\Debug\link.5088.write.1.tlog
D:\9833238_CNC\blake\blake\Debug\link.5088-cvtres.read.1.tlog
D:\9833238_CNC\blake\blake\Debug\link.5088-cvtres.write.1.tlog
D:\9833238_CNC\blake\blake\Debug\link.5104.read.1.tlog
D:\9833238_CNC\blake\blake\Debug\link.5104.write.1.tlog
D:\9833238_CNC\blake\blake\Debug\link.5104-cvtres.read.1.tlog
D:\9833238_CNC\blake\blake\Debug\link.5104-cvtres.write.1.tlog
D:\9833238_CNC\blake\blake\Debug\link.5132.read.1.tlog
D:\9833238_CNC\blake\blake\Debug\link.5132.write.1.tlog
D:\9833238_CNC\blake\blake\Debug\link.5132-cvtres.read.1.tlog
D:\9833238_CNC\blake\blake\Debug\link.5132-cvtres.write.1.tlog
D:\9833238_CNC\blake\blake\Debug\link.5148.read.1.tlog
D:\9833238_CNC\blake\blake\Debug\link.5148.write.1.tlog
D:\9833238_CNC\blake\blake\Debug\link.5148-cvtres.read.1.tlog
D:\9833238_CNC\blake\blake\Debug\link.5148-cvtres.write.1.tlog
D:\9833238_CNC\blake\blake\Debug\link.5180.read.1.tlog
D:\9833238_CNC\blake\blake\Debug\link.5180.write.1.tlog
D:\9833238_CNC\blake\blake\Debug\link.5180-cvtres.read.1.tlog
D:\9833238_CNC\blake\blake\Debug\link.5180-cvtres.write.1.tlog
D:\9833238_CNC\blake\blake\Debug\link.5228.read.1.tlog
D:\9833238_CNC\blake\blake\Debug\link.5228.write.1.tlog
D:\9833238_CNC\blake\blake\Debug\link.5228-cvtres.read.1.tlog
D:\9833238_CNC\blake\blake\Debug\link.5228-cvtres.write.1.tlog
D:\9833238_CNC\blake\blake\Debug\link.5252.read.1.tlog
D:\9833238_CNC\blake\blake\Debug\link.5252.write.1.tlog
D:\9833238_CNC\blake\blake\Debug\link.5252-cvtres.read.1.tlog
D:\9833238_CNC\blake\blake\Debug\link.5252-cvtres.write.1.tlog
D:\9833238_CNC\blake\blake\Debug\link.5264.read.1.tlog
D:\9833238_CNC\blake\blake\Debug\link.5264.write.1.tlog
D:\9833238_CNC\blake\blake\Debug\link.5264-cvtres.read.1.tlog
D:\9833238_CNC\blake\blake\Debug\link.5264-cvtres.write.1.tlog
D:\9833238_CNC\blake\blake\Debug\link.5268.read.1.tlog
D:\9833238_CNC\blake\blake\Debug\link.5268.write.1.tlog
D:\9833238_CNC\blake\blake\Debug\link.5268-cvtres.read.1.tlog
D:\9833238_CNC\blake\blake\Debug\link.5268-cvtres.write.1.tlog
D:\9833238_CNC\blake\blake\Debug\link.5284.read.1.tlog
D:\9833238_CNC\blake\blake\Debug\link.5284.write.1.tlog
D:\9833238_CNC\blake\blake\Debug\link.5284-cvtres.read.1.tlog
D:\9833238_CNC\blake\blake\Debug\link.5284-cvtres.write.1.tlog
D:\9833238_CNC\blake\blake\Debug\link.5292.read.1.tlog
D:\9833238_CNC\blake\blake\Debug\link.5292.write.1.tlog
D:\9833238_CNC\blake\blake\Debug\link.5292-cvtres.read.1.tlog
D:\9833238_CNC\blake\blake\Debug\link.5292-cvtres.write.1.tlog
D:\9833238_CNC\blake\blake\Debug\link.5316.read.1.tlog
D:\9833238_CNC\blake\blake\Debug\link.5316.write.1.tlog
D:\9833238_CNC\blake\blake\Debug\link.5316-cvtres.read.1.tlog
D:\9833238_CNC\blake\blake\Debug\link.5316-cvtres.write.1.tlog
D:\9833238_CNC\blake\blake\Debug\link.5344.read.1.tlog
D:\9833238_CNC\blake\blake\Debug\link.5344.write.1.tlog
D:\9833238_CNC\blake\blake\Debug\link.5344-cvtres.read.1.tlog
D:\9833238_CNC\blake\blake\Debug\link.5344-cvtres.write.1.tlog
D:\9833238_CNC\blake\blake\Debug\link.5364.read.1.tlog
D:\9833238_CNC\blake\blake\Debug\link.5364.write.1.tlog
D:\9833238_CNC\blake\blake\Debug\link.5364-cvtres.read.1.tlog
D:\9833238_CNC\blake\blake\Debug\link.5364-cvtres.write.1.tlog
D:\9833238_CNC\blake\blake\Debug\link.5436.read.1.tlog
D:\9833238_CNC\blake\blake\Debug\link.5436.write.1.tlog
D:\9833238_CNC\blake\blake\Debug\link.5436-cvtres.read.1.tlog
D:\9833238_CNC\blake\blake\Debug\link.5436-cvtres.write.1.tlog
D:\9833238_CNC\blake\blake\Debug\link.5444.read.1.tlog
D:\9833238_CNC\blake\blake\Debug\link.5444.write.1.tlog
D:\9833238_CNC\blake\blake\Debug\link.5444-cvtres.read.1.tlog
D:\9833238_CNC\blake\blake\Debug\link.5444-cvtres.write.1.tlog
D:\9833238_CNC\blake\blake\Debug\link.5456.read.1.tlog
D:\9833238_CNC\blake\blake\Debug\link.5456.write.1.tlog
D:\9833238_CNC\blake\blake\Debug\link.5456-cvtres.read.1.tlog
D:\9833238_CNC\blake\blake\Debug\link.5456-cvtres.write.1.tlog
D:\9833238_CNC\blake\blake\Debug\link.5492.read.1.tlog
D:\9833238_CNC\blake\blake\Debug\link.5492.write.1.tlog
D:\9833238_CNC\blake\blake\Debug\link.5492-cvtres.read.1.tlog
D:\9833238_CNC\blake\blake\Debug\link.5492-cvtres.write.1.tlog
D:\9833238_CNC\blake\blake\Debug\link.5504.read.1.tlog
D:\9833238_CNC\blake\blake\Debug\link.5504.write.1.tlog
D:\9833238_CNC\blake\blake\Debug\link.5504-cvtres.read.1.tlog
D:\9833238_CNC\blake\blake\Debug\link.5504-cvtres.write.1.tlog
D:\9833238_CNC\blake\blake\Debug\link.5592.read.1.tlog
D:\9833238_CNC\blake\blake\Debug\link.5592.write.1.tlog
D:\9833238_CNC\blake\blake\Debug\link.5592-cvtres.read.1.tlog
D:\9833238_CNC\blake\blake\Debug\link.5592-cvtres.write.1.tlog
D:\9833238_CNC\blake\blake\Debug\link.5608.read.1.tlog
D:\9833238_CNC\blake\blake\Debug\link.5608.write.1.tlog
D:\9833238_CNC\blake\blake\Debug\link.5608-cvtres.read.1.tlog
D:\9833238_CNC\blake\blake\Debug\link.5608-cvtres.write.1.tlog
D:\9833238_CNC\blake\blake\Debug\link.5616.read.1.tlog
D:\9833238_CNC\blake\blake\Debug\link.5616.write.1.tlog
D:\9833238_CNC\blake\blake\Debug\link.5616-cvtres.read.1.tlog
D:\9833238_CNC\blake\blake\Debug\link.5616-cvtres.write.1.tlog
D:\9833238_CNC\blake\blake\Debug\link.5644.read.1.tlog
D:\9833238_CNC\blake\blake\Debug\link.5644.write.1.tlog
D:\9833238_CNC\blake\blake\Debug\link.5644-cvtres.read.1.tlog
D:\9833238_CNC\blake\blake\Debug\link.5644-cvtres.write.1.tlog
D:\9833238_CNC\blake\blake\Debug\link.5652.read.1.tlog
D:\9833238_CNC\blake\blake\Debug\link.5652.write.1.tlog
D:\9833238_CNC\blake\blake\Debug\link.5652-cvtres.read.1.tlog
D:\9833238_CNC\blake\blake\Debug\link.5652-cvtres.write.1.tlog
D:\9833238_CNC\blake\blake\Debug\link.5656.read.1.tlog
D:\9833238_CNC\blake\blake\Debug\link.5656.write.1.tlog
D:\9833238_CNC\blake\blake\Debug\link.5656-cvtres.read.1.tlog
D:\9833238_CNC\blake\blake\Debug\link.5656-cvtres.write.1.tlog
D:\9833238_CNC\blake\blake\Debug\link.5672.read.1.tlog
D:\9833238_CNC\blake\blake\Debug\link.5672.write.1.tlog
D:\9833238_CNC\blake\blake\Debug\link.5672-cvtres.read.1.tlog
D:\9833238_CNC\blake\blake\Debug\link.5672-cvtres.write.1.tlog
D:\9833238_CNC\blake\blake\Debug\link.5680.read.1.tlog
D:\9833238_CNC\blake\blake\Debug\link.5680.write.1.tlog
D:\9833238_CNC\blake\blake\Debug\link.5680-cvtres.read.1.tlog
D:\9833238_CNC\blake\blake\Debug\link.5680-cvtres.write.1.tlog
D:\9833238_CNC\blake\blake\Debug\link.5720.read.1.tlog
D:\9833238_CNC\blake\blake\Debug\link.5720.write.1.tlog
D:\9833238_CNC\blake\blake\Debug\link.5720-cvtres.read.1.tlog
D:\9833238_CNC\blake\blake\Debug\link.5720-cvtres.write.1.tlog
D:\9833238_CNC\blake\blake\Debug\link.5728.read.1.tlog
D:\9833238_CNC\blake\blake\Debug\link.5728.write.1.tlog
D:\9833238_CNC\blake\blake\Debug\link.5728-cvtres.read.1.tlog
D:\9833238_CNC\blake\blake\Debug\link.5728-cvtres.write.1.tlog
D:\9833238_CNC\blake\blake\Debug\link.5732.read.1.tlog
D:\9833238_CNC\blake\blake\Debug\link.5732.write.1.tlog
D:\9833238_CNC\blake\blake\Debug\link.5732-cvtres.read.1.tlog
D:\9833238_CNC\blake\blake\Debug\link.5732-cvtres.write.1.tlog
D:\9833238_CNC\blake\blake\Debug\link.5764.read.1.tlog
D:\9833238_CNC\blake\blake\Debug\link.5764.write.1.tlog
D:\9833238_CNC\blake\blake\Debug\link.5764-cvtres.read.1.tlog
D:\9833238_CNC\blake\blake\Debug\link.5764-cvtres.write.1.tlog
D:\9833238_CNC\blake\blake\Debug\link.5792.read.1.tlog
D:\9833238_CNC\blake\blake\Debug\link.5792.write.1.tlog
D:\9833238_CNC\blake\blake\Debug\link.5792-cvtres.read.1.tlog
D:\9833238_CNC\blake\blake\Debug\link.5792-cvtres.write.1.tlog
D:\9833238_CNC\blake\blake\Debug\link.5808.read.1.tlog
D:\9833238_CNC\blake\blake\Debug\link.5808.write.1.tlog
D:\9833238_CNC\blake\blake\Debug\link.5808-cvtres.read.1.tlog
D:\9833238_CNC\blake\blake\Debug\link.5808-cvtres.write.1.tlog
D:\9833238_CNC\blake\blake\Debug\link.5832.read.1.tlog
D:\9833238_CNC\blake\blake\Debug\link.5832.write.1.tlog
D:\9833238_CNC\blake\blake\Debug\link.5832-cvtres.read.1.tlog
D:\9833238_CNC\blake\blake\Debug\link.5832-cvtres.write.1.tlog
D:\9833238_CNC\blake\blake\Debug\link.5840.read.1.tlog
D:\9833238_CNC\blake\blake\Debug\link.5840.write.1.tlog
D:\9833238_CNC\blake\blake\Debug\link.5840-cvtres.read.1.tlog
D:\9833238_CNC\blake\blake\Debug\link.5840-cvtres.write.1.tlog
D:\9833238_CNC\blake\blake\Debug\link.5864.read.1.tlog
D:\9833238_CNC\blake\blake\Debug\link.5864.write.1.tlog
D:\9833238_CNC\blake\blake\Debug\link.5864-cvtres.read.1.tlog
D:\9833238_CNC\blake\blake\Debug\link.5864-cvtres.write.1.tlog
D:\9833238_CNC\blake\blake\Debug\link.5904.read.1.tlog
D:\9833238_CNC\blake\blake\Debug\link.5904.write.1.tlog
D:\9833238_CNC\blake\blake\Debug\link.5904-cvtres.read.1.tlog
D:\9833238_CNC\blake\blake\Debug\link.5904-cvtres.write.1.tlog
D:\9833238_CNC\blake\blake\Debug\link.5924.read.1.tlog
D:\9833238_CNC\blake\blake\Debug\link.5924.write.1.tlog
D:\9833238_CNC\blake\blake\Debug\link.5924-cvtres.read.1.tlog
D:\9833238_CNC\blake\blake\Debug\link.5924-cvtres.write.1.tlog
D:\9833238_CNC\blake\blake\Debug\link.5928.read.1.tlog
D:\9833238_CNC\blake\blake\Debug\link.5928.write.1.tlog
D:\9833238_CNC\blake\blake\Debug\link.5928-cvtres.read.1.tlog
D:\9833238_CNC\blake\blake\Debug\link.5928-cvtres.write.1.tlog
D:\9833238_CNC\blake\blake\Debug\link.5952.read.1.tlog
D:\9833238_CNC\blake\blake\Debug\link.5952.write.1.tlog
D:\9833238_CNC\blake\blake\Debug\link.5952-cvtres.read.1.tlog
D:\9833238_CNC\blake\blake\Debug\link.5952-cvtres.write.1.tlog
D:\9833238_CNC\blake\blake\Debug\link.5980.read.1.tlog
D:\9833238_CNC\blake\blake\Debug\link.5980.write.1.tlog
D:\9833238_CNC\blake\blake\Debug\link.5980-cvtres.read.1.tlog
D:\9833238_CNC\blake\blake\Debug\link.5980-cvtres.write.1.tlog
D:\9833238_CNC\blake\blake\Debug\link.5996.read.1.tlog
D:\9833238_CNC\blake\blake\Debug\link.5996.write.1.tlog
D:\9833238_CNC\blake\blake\Debug\link.5996-cvtres.read.1.tlog
D:\9833238_CNC\blake\blake\Debug\link.5996-cvtres.write.1.tlog
D:\9833238_CNC\blake\blake\Debug\link.6012.read.1.tlog
D:\9833238_CNC\blake\blake\Debug\link.6012.write.1.tlog
D:\9833238_CNC\blake\blake\Debug\link.6012-cvtres.read.1.tlog
D:\9833238_CNC\blake\blake\Debug\link.6012-cvtres.write.1.tlog
D:\9833238_CNC\blake\blake\Debug\link.6016.read.1.tlog
D:\9833238_CNC\blake\blake\Debug\link.6016.write.1.tlog
D:\9833238_CNC\blake\blake\Debug\link.6016-cvtres.read.1.tlog
D:\9833238_CNC\blake\blake\Debug\link.6016-cvtres.write.1.tlog
D:\9833238_CNC\blake\blake\Debug\link.6020.read.1.tlog
D:\9833238_CNC\blake\blake\Debug\link.6020.write.1.tlog
D:\9833238_CNC\blake\blake\Debug\link.6020-cvtres.read.1.tlog
D:\9833238_CNC\blake\blake\Debug\link.6020-cvtres.write.1.tlog
D:\9833238_CNC\blake\blake\Debug\link.6028.read.1.tlog
D:\9833238_CNC\blake\blake\Debug\link.6028.write.1.tlog
D:\9833238_CNC\blake\blake\Debug\link.6028-cvtres.read.1.tlog
D:\9833238_CNC\blake\blake\Debug\link.6028-cvtres.write.1.tlog
D:\9833238_CNC\blake\blake\Debug\link.6056.read.1.tlog
D:\9833238_CNC\blake\blake\Debug\link.6056.write.1.tlog
D:\9833238_CNC\blake\blake\Debug\link.6056-cvtres.read.1.tlog
D:\9833238_CNC\blake\blake\Debug\link.6056-cvtres.write.1.tlog
D:\9833238_CNC\blake\blake\Debug\link.6060.read.1.tlog
D:\9833238_CNC\blake\blake\Debug\link.6060.write.1.tlog
D:\9833238_CNC\blake\blake\Debug\link.6060-cvtres.read.1.tlog
D:\9833238_CNC\blake\blake\Debug\link.6060-cvtres.write.1.tlog
D:\9833238_CNC\blake\blake\Debug\link.6076.read.1.tlog
D:\9833238_CNC\blake\blake\Debug\link.6076.write.1.tlog
D:\9833238_CNC\blake\blake\Debug\link.6076-cvtres.read.1.tlog
D:\9833238_CNC\blake\blake\Debug\link.6076-cvtres.write.1.tlog
D:\9833238_CNC\blake\blake\Debug\link.6100.read.1.tlog
D:\9833238_CNC\blake\blake\Debug\link.6100.write.1.tlog
D:\9833238_CNC\blake\blake\Debug\link.6100-cvtres.read.1.tlog
D:\9833238_CNC\blake\blake\Debug\link.6100-cvtres.write.1.tlog
D:\9833238_CNC\blake\blake\Debug\link.6156.read.1.tlog
D:\9833238_CNC\blake\blake\Debug\link.6156.write.1.tlog
D:\9833238_CNC\blake\blake\Debug\link.6156-cvtres.read.1.tlog
D:\9833238_CNC\blake\blake\Debug\link.6156-cvtres.write.1.tlog
D:\9833238_CNC\blake\blake\Debug\link.6160.read.1.tlog
D:\9833238_CNC\blake\blake\Debug\link.6160.write.1.tlog
D:\9833238_CNC\blake\blake\Debug\link.6160-cvtres.read.1.tlog
D:\9833238_CNC\blake\blake\Debug\link.6160-cvtres.write.1.tlog
D:\9833238_CNC\blake\blake\Debug\link.6164.read.1.tlog
D:\9833238_CNC\blake\blake\Debug\link.6164.write.1.tlog
D:\9833238_CNC\blake\blake\Debug\link.6164-cvtres.read.1.tlog
D:\9833238_CNC\blake\blake\Debug\link.6164-cvtres.write.1.tlog
D:\9833238_CNC\blake\blake\Debug\link.6192.read.1.tlog
D:\9833238_CNC\blake\blake\Debug\link.6192.write.1.tlog
D:\9833238_CNC\blake\blake\Debug\link.6192-cvtres.read.1.tlog
D:\9833238_CNC\blake\blake\Debug\link.6192-cvtres.write.1.tlog
D:\9833238_CNC\blake\blake\Debug\link.6196.read.1.tlog
D:\9833238_CNC\blake\blake\Debug\link.6196.write.1.tlog
D:\9833238_CNC\blake\blake\Debug\link.6196-cvtres.read.1.tlog
D:\9833238_CNC\blake\blake\Debug\link.6196-cvtres.write.1.tlog
D:\9833238_CNC\blake\blake\Debug\link.6200.read.1.tlog
D:\9833238_CNC\blake\blake\Debug\link.6200.write.1.tlog
D:\9833238_CNC\blake\blake\Debug\link.6200-cvtres.read.1.tlog
D:\9833238_CNC\blake\blake\Debug\link.6200-cvtres.write.1.tlog
D:\9833238_CNC\blake\blake\Debug\link.6232.read.1.tlog
D:\9833238_CNC\blake\blake\Debug\link.6232.write.1.tlog
D:\9833238_CNC\blake\blake\Debug\link.6232-cvtres.read.1.tlog
D:\9833238_CNC\blake\blake\Debug\link.6232-cvtres.write.1.tlog
D:\9833238_CNC\blake\blake\Debug\link.6244.read.1.tlog
D:\9833238_CNC\blake\blake\Debug\link.6244.write.1.tlog
D:\9833238_CNC\blake\blake\Debug\link.6244-cvtres.read.1.tlog
D:\9833238_CNC\blake\blake\Debug\link.6244-cvtres.write.1.tlog
D:\9833238_CNC\blake\blake\Debug\link.6264.read.1.tlog
D:\9833238_CNC\blake\blake\Debug\link.6264.write.1.tlog
D:\9833238_CNC\blake\blake\Debug\link.6264-cvtres.read.1.tlog
D:\9833238_CNC\blake\blake\Debug\link.6264-cvtres.write.1.tlog
D:\9833238_CNC\blake\blake\Debug\link.6324.read.1.tlog
D:\9833238_CNC\blake\blake\Debug\link.6324.write.1.tlog
D:\9833238_CNC\blake\blake\Debug\link.6324-cvtres.read.1.tlog
D:\9833238_CNC\blake\blake\Debug\link.6324-cvtres.write.1.tlog
D:\9833238_CNC\blake\blake\Debug\link.6356.read.1.tlog
D:\9833238_CNC\blake\blake\Debug\link.6356.write.1.tlog
D:\9833238_CNC\blake\blake\Debug\link.6356-cvtres.read.1.tlog
D:\9833238_CNC\blake\blake\Debug\link.6356-cvtres.write.1.tlog
D:\9833238_CNC\blake\blake\Debug\link.6364.read.1.tlog
D:\9833238_CNC\blake\blake\Debug\link.6364.write.1.tlog
D:\9833238_CNC\blake\blake\Debug\link.6364-cvtres.read.1.tlog
D:\9833238_CNC\blake\blake\Debug\link.6364-cvtres.write.1.tlog
D:\9833238_CNC\blake\blake\Debug\link.6368.read.1.tlog
D:\9833238_CNC\blake\blake\Debug\link.6368.write.1.tlog
D:\9833238_CNC\blake\blake\Debug\link.6368-cvtres.read.1.tlog
D:\9833238_CNC\blake\blake\Debug\link.6368-cvtres.write.1.tlog
D:\9833238_CNC\blake\blake\Debug\link.6376.read.1.tlog
D:\9833238_CNC\blake\blake\Debug\link.6376.write.1.tlog
D:\9833238_CNC\blake\blake\Debug\link.6376-cvtres.read.1.tlog
D:\9833238_CNC\blake\blake\Debug\link.6376-cvtres.write.1.tlog
D:\9833238_CNC\blake\blake\Debug\link.6380.read.1.tlog
D:\9833238_CNC\blake\blake\Debug\link.6380.write.1.tlog
D:\9833238_CNC\blake\blake\Debug\link.6380-cvtres.read.1.tlog
D:\9833238_CNC\blake\blake\Debug\link.6380-cvtres.write.1.tlog
D:\9833238_CNC\blake\blake\Debug\link.6392.read.1.tlog
D:\9833238_CNC\blake\blake\Debug\link.6392.write.1.tlog
D:\9833238_CNC\blake\blake\Debug\link.6392-cvtres.read.1.tlog
D:\9833238_CNC\blake\blake\Debug\link.6392-cvtres.write.1.tlog
D:\9833238_CNC\blake\blake\Debug\link.6408.read.1.tlog
D:\9833238_CNC\blake\blake\Debug\link.6408.write.1.tlog
D:\9833238_CNC\blake\blake\Debug\link.6408-cvtres.read.1.tlog
D:\9833238_CNC\blake\blake\Debug\link.6408-cvtres.write.1.tlog
D:\9833238_CNC\blake\blake\Debug\link.6416.read.1.tlog
D:\9833238_CNC\blake\blake\Debug\link.6416.write.1.tlog
D:\9833238_CNC\blake\blake\Debug\link.6416-cvtres.read.1.tlog
D:\9833238_CNC\blake\blake\Debug\link.6416-cvtres.write.1.tlog
D:\9833238_CNC\blake\blake\Debug\link.6420.read.1.tlog
D:\9833238_CNC\blake\blake\Debug\link.6420.write.1.tlog
D:\9833238_CNC\blake\blake\Debug\link.6420-cvtres.read.1.tlog
D:\9833238_CNC\blake\blake\Debug\link.6420-cvtres.write.1.tlog
D:\9833238_CNC\blake\blake\Debug\link.6424.read.1.tlog
D:\9833238_CNC\blake\blake\Debug\link.6424.write.1.tlog
D:\9833238_CNC\blake\blake\Debug\link.6424-cvtres.read.1.tlog
D:\9833238_CNC\blake\blake\Debug\link.6424-cvtres.write.1.tlog
D:\9833238_CNC\blake\blake\Debug\link.6432.read.1.tlog
D:\9833238_CNC\blake\blake\Debug\link.6432.write.1.tlog
D:\9833238_CNC\blake\blake\Debug\link.6432-cvtres.read.1.tlog
D:\9833238_CNC\blake\blake\Debug\link.6432-cvtres.write.1.tlog
D:\9833238_CNC\blake\blake\Debug\link.6448.read.1.tlog
D:\9833238_CNC\blake\blake\Debug\link.6448.write.1.tlog
D:\9833238_CNC\blake\blake\Debug\link.6448-cvtres.read.1.tlog
D:\9833238_CNC\blake\blake\Debug\link.6448-cvtres.write.1.tlog
D:\9833238_CNC\blake\blake\Debug\link.6460.read.1.tlog
D:\9833238_CNC\blake\blake\Debug\link.6460.write.1.tlog
D:\9833238_CNC\blake\blake\Debug\link.6460-cvtres.read.1.tlog
D:\9833238_CNC\blake\blake\Debug\link.6460-cvtres.write.1.tlog
D:\9833238_CNC\blake\blake\Debug\link.6464.read.1.tlog
D:\9833238_CNC\blake\blake\Debug\link.6464.write.1.tlog
D:\9833238_CNC\blake\blake\Debug\link.6464-cvtres.read.1.tlog
D:\9833238_CNC\blake\blake\Debug\link.6464-cvtres.write.1.tlog
D:\9833238_CNC\blake\blake\Debug\link.6468.read.1.tlog
D:\9833238_CNC\blake\blake\Debug\link.6468.write.1.tlog
D:\9833238_CNC\blake\blake\Debug\link.6468-cvtres.read.1.tlog
D:\9833238_CNC\blake\blake\Debug\link.6468-cvtres.write.1.tlog
D:\9833238_CNC\blake\blake\Debug\link.6472.read.1.tlog
D:\9833238_CNC\blake\blake\Debug\link.6472.write.1.tlog
D:\9833238_CNC\blake\blake\Debug\link.6472-cvtres.read.1.tlog
D:\9833238_CNC\blake\blake\Debug\link.6472-cvtres.write.1.tlog
D:\9833238_CNC\blake\blake\Debug\link.6480.read.1.tlog
D:\9833238_CNC\blake\blake\Debug\link.6480.write.1.tlog
D:\9833238_CNC\blake\blake\Debug\link.6480-cvtres.read.1.tlog
D:\9833238_CNC\blake\blake\Debug\link.6480-cvtres.write.1.tlog
D:\9833238_CNC\blake\blake\Debug\link.6492.read.1.tlog
D:\9833238_CNC\blake\blake\Debug\link.6492.write.1.tlog
D:\9833238_CNC\blake\blake\Debug\link.6492-cvtres.read.1.tlog
D:\9833238_CNC\blake\blake\Debug\link.6492-cvtres.write.1.tlog
D:\9833238_CNC\blake\blake\Debug\link.6524.read.1.tlog
D:\9833238_CNC\blake\blake\Debug\link.6524.write.1.tlog
D:\9833238_CNC\blake\blake\Debug\link.6524-cvtres.read.1.tlog
D:\9833238_CNC\blake\blake\Debug\link.6524-cvtres.write.1.tlog
D:\9833238_CNC\blake\blake\Debug\link.6540.read.1.tlog
D:\9833238_CNC\blake\blake\Debug\link.6540.write.1.tlog
D:\9833238_CNC\blake\blake\Debug\link.6540-cvtres.read.1.tlog
D:\9833238_CNC\blake\blake\Debug\link.6540-cvtres.write.1.tlog
D:\9833238_CNC\blake\blake\Debug\link.6552.read.1.tlog
D:\9833238_CNC\blake\blake\Debug\link.6552.write.1.tlog
D:\9833238_CNC\blake\blake\Debug\link.6552-cvtres.read.1.tlog
D:\9833238_CNC\blake\blake\Debug\link.6552-cvtres.write.1.tlog
D:\9833238_CNC\blake\blake\Debug\link.6580.read.1.tlog
D:\9833238_CNC\blake\blake\Debug\link.6580.write.1.tlog
D:\9833238_CNC\blake\blake\Debug\link.6580-cvtres.read.1.tlog
D:\9833238_CNC\blake\blake\Debug\link.6580-cvtres.write.1.tlog
D:\9833238_CNC\blake\blake\Debug\link.6588.read.1.tlog
D:\9833238_CNC\blake\blake\Debug\link.6588.write.1.tlog
D:\9833238_CNC\blake\blake\Debug\link.6588-cvtres.read.1.tlog
D:\9833238_CNC\blake\blake\Debug\link.6588-cvtres.write.1.tlog
D:\9833238_CNC\blake\blake\Debug\link.6596.read.1.tlog
D:\9833238_CNC\blake\blake\Debug\link.6596.write.1.tlog
D:\9833238_CNC\blake\blake\Debug\link.6596-cvtres.read.1.tlog
D:\9833238_CNC\blake\blake\Debug\link.6596-cvtres.write.1.tlog
D:\9833238_CNC\blake\blake\Debug\link.6616.read.1.tlog
D:\9833238_CNC\blake\blake\Debug\link.6616.write.1.tlog
D:\9833238_CNC\blake\blake\Debug\link.6616-cvtres.read.1.tlog
D:\9833238_CNC\blake\blake\Debug\link.6616-cvtres.write.1.tlog
D:\9833238_CNC\blake\blake\Debug\link.6636.read.1.tlog
D:\9833238_CNC\blake\blake\Debug\link.6636.write.1.tlog
D:\9833238_CNC\blake\blake\Debug\link.6636-cvtres.read.1.tlog
D:\9833238_CNC\blake\blake\Debug\link.6636-cvtres.write.1.tlog
D:\9833238_CNC\blake\blake\Debug\link.6660.read.1.tlog
D:\9833238_CNC\blake\blake\Debug\link.6660.write.1.tlog
D:\9833238_CNC\blake\blake\Debug\link.6660-cvtres.read.1.tlog
D:\9833238_CNC\blake\blake\Debug\link.6660-cvtres.write.1.tlog
D:\9833238_CNC\blake\blake\Debug\link.6672.read.1.tlog
D:\9833238_CNC\blake\blake\Debug\link.6672.write.1.tlog
D:\9833238_CNC\blake\blake\Debug\link.6672-cvtres.read.1.tlog
D:\9833238_CNC\blake\blake\Debug\link.6672-cvtres.write.1.tlog
D:\9833238_CNC\blake\blake\Debug\link.6680.read.1.tlog
D:\9833238_CNC\blake\blake\Debug\link.6680.write.1.tlog
D:\9833238_CNC\blake\blake\Debug\link.6680-cvtres.read.1.tlog
D:\9833238_CNC\blake\blake\Debug\link.6680-cvtres.write.1.tlog
D:\9833238_CNC\blake\blake\Debug\link.6684.read.1.tlog
D:\9833238_CNC\blake\blake\Debug\link.6684.write.1.tlog
D:\9833238_CNC\blake\blake\Debug\link.6684-cvtres.read.1.tlog
D:\9833238_CNC\blake\blake\Debug\link.6684-cvtres.write.1.tlog
D:\9833238_CNC\blake\blake\Debug\link.6688.read.1.tlog
D:\9833238_CNC\blake\blake\Debug\link.6688.write.1.tlog
D:\9833238_CNC\blake\blake\Debug\link.6688-cvtres.read.1.tlog
D:\9833238_CNC\blake\blake\Debug\link.6688-cvtres.write.1.tlog
D:\9833238_CNC\blake\blake\Debug\link.6748.read.1.tlog
D:\9833238_CNC\blake\blake\Debug\link.6748.write.1.tlog
D:\9833238_CNC\blake\blake\Debug\link.6748-cvtres.read.1.tlog
D:\9833238_CNC\blake\blake\Debug\link.6748-cvtres.write.1.tlog
D:\9833238_CNC\blake\blake\Debug\link.6776.read.1.tlog
D:\9833238_CNC\blake\blake\Debug\link.6776.write.1.tlog
D:\9833238_CNC\blake\blake\Debug\link.6776-cvtres.read.1.tlog
D:\9833238_CNC\blake\blake\Debug\link.6776-cvtres.write.1.tlog
D:\9833238_CNC\blake\blake\Debug\link.6780.read.1.tlog
D:\9833238_CNC\blake\blake\Debug\link.6780.write.1.tlog
D:\9833238_CNC\blake\blake\Debug\link.6780-cvtres.read.1.tlog
D:\9833238_CNC\blake\blake\Debug\link.6780-cvtres.write.1.tlog
D:\9833238_CNC\blake\blake\Debug\link.6804.read.1.tlog
D:\9833238_CNC\blake\blake\Debug\link.6804.write.1.tlog
D:\9833238_CNC\blake\blake\Debug\link.6804-cvtres.read.1.tlog
D:\9833238_CNC\blake\blake\Debug\link.6804-cvtres.write.1.tlog
D:\9833238_CNC\blake\blake\Debug\link.6812.read.1.tlog
D:\9833238_CNC\blake\blake\Debug\link.6812.write.1.tlog
D:\9833238_CNC\blake\blake\Debug\link.6812-cvtres.read.1.tlog
D:\9833238_CNC\blake\blake\Debug\link.6812-cvtres.write.1.tlog
D:\9833238_CNC\blake\blake\Debug\link.6820.read.1.tlog
D:\9833238_CNC\blake\blake\Debug\link.6820.write.1.tlog
D:\9833238_CNC\blake\blake\Debug\link.6820-cvtres.read.1.tlog
D:\9833238_CNC\blake\blake\Debug\link.6820-cvtres.write.1.tlog
D:\9833238_CNC\blake\blake\Debug\link.6840.read.1.tlog
D:\9833238_CNC\blake\blake\Debug\link.6840.write.1.tlog
D:\9833238_CNC\blake\blake\Debug\link.6840-cvtres.read.1.tlog
D:\9833238_CNC\blake\blake\Debug\link.6840-cvtres.write.1.tlog
D:\9833238_CNC\blake\blake\Debug\link.6860.read.1.tlog
D:\9833238_CNC\blake\blake\Debug\link.6860.write.1.tlog
D:\9833238_CNC\blake\blake\Debug\link.6860-cvtres.read.1.tlog
D:\9833238_CNC\blake\blake\Debug\link.6860-cvtres.write.1.tlog
D:\9833238_CNC\blake\blake\Debug\link.6868.read.1.tlog
D:\9833238_CNC\blake\blake\Debug\link.6868.write.1.tlog
D:\9833238_CNC\blake\blake\Debug\link.6868-cvtres.read.1.tlog
D:\9833238_CNC\blake\blake\Debug\link.6868-cvtres.write.1.tlog
D:\9833238_CNC\blake\blake\Debug\link.6892.read.1.tlog
D:\9833238_CNC\blake\blake\Debug\link.6892.write.1.tlog
D:\9833238_CNC\blake\blake\Debug\link.6892-cvtres.read.1.tlog
D:\9833238_CNC\blake\blake\Debug\link.6892-cvtres.write.1.tlog
D:\9833238_CNC\blake\blake\Debug\link.6912.read.1.tlog
D:\9833238_CNC\blake\blake\Debug\link.6912.write.1.tlog
D:\9833238_CNC\blake\blake\Debug\link.6912-cvtres.read.1.tlog
D:\9833238_CNC\blake\blake\Debug\link.6912-cvtres.write.1.tlog
D:\9833238_CNC\blake\blake\Debug\link.6916.read.1.tlog
D:\9833238_CNC\blake\blake\Debug\link.6916.write.1.tlog
D:\9833238_CNC\blake\blake\Debug\link.6916-cvtres.read.1.tlog
D:\9833238_CNC\blake\blake\Debug\link.6916-cvtres.write.1.tlog
D:\9833238_CNC\blake\blake\Debug\link.6924.read.1.tlog
D:\9833238_CNC\blake\blake\Debug\link.6924.write.1.tlog
D:\9833238_CNC\blake\blake\Debug\link.6924-cvtres.read.1.tlog
D:\9833238_CNC\blake\blake\Debug\link.6924-cvtres.write.1.tlog
D:\9833238_CNC\blake\blake\Debug\link.6940.read.1.tlog
D:\9833238_CNC\blake\blake\Debug\link.6940.write.1.tlog
D:\9833238_CNC\blake\blake\Debug\link.6940-cvtres.read.1.tlog
D:\9833238_CNC\blake\blake\Debug\link.6940-cvtres.write.1.tlog
D:\9833238_CNC\blake\blake\Debug\link.6944.read.1.tlog
D:\9833238_CNC\blake\blake\Debug\link.6944.write.1.tlog
D:\9833238_CNC\blake\blake\Debug\link.6944-cvtres.read.1.tlog
D:\9833238_CNC\blake\blake\Debug\link.6944-cvtres.write.1.tlog
D:\9833238_CNC\blake\blake\Debug\link.6960.read.1.tlog
D:\9833238_CNC\blake\blake\Debug\link.6960.write.1.tlog
D:\9833238_CNC\blake\blake\Debug\link.6960-cvtres.read.1.tlog
D:\9833238_CNC\blake\blake\Debug\link.6960-cvtres.write.1.tlog
D:\9833238_CNC\blake\blake\Debug\link.6964.read.1.tlog
D:\9833238_CNC\blake\blake\Debug\link.6964.write.1.tlog
D:\9833238_CNC\blake\blake\Debug\link.6964-cvtres.read.1.tlog
D:\9833238_CNC\blake\blake\Debug\link.6964-cvtres.write.1.tlog
D:\9833238_CNC\blake\blake\Debug\link.6976.read.1.tlog
D:\9833238_CNC\blake\blake\Debug\link.6976.write.1.tlog
D:\9833238_CNC\blake\blake\Debug\link.6976-cvtres.read.1.tlog
D:\9833238_CNC\blake\blake\Debug\link.6976-cvtres.write.1.tlog
D:\9833238_CNC\blake\blake\Debug\link.6992.read.1.tlog
D:\9833238_CNC\blake\blake\Debug\link.6992.write.1.tlog
D:\9833238_CNC\blake\blake\Debug\link.6992-cvtres.read.1.tlog
D:\9833238_CNC\blake\blake\Debug\link.6992-cvtres.write.1.tlog
D:\9833238_CNC\blake\blake\Debug\link.7032.read.1.tlog
D:\9833238_CNC\blake\blake\Debug\link.7032.write.1.tlog
D:\9833238_CNC\blake\blake\Debug\link.7032-cvtres.read.1.tlog
D:\9833238_CNC\blake\blake\Debug\link.7032-cvtres.write.1.tlog
D:\9833238_CNC\blake\blake\Debug\link.7040.read.1.tlog
D:\9833238_CNC\blake\blake\Debug\link.7040.write.1.tlog
D:\9833238_CNC\blake\blake\Debug\link.7040-cvtres.read.1.tlog
D:\9833238_CNC\blake\blake\Debug\link.7040-cvtres.write.1.tlog
D:\9833238_CNC\blake\blake\Debug\link.7048.read.1.tlog
D:\9833238_CNC\blake\blake\Debug\link.7048.write.1.tlog
D:\9833238_CNC\blake\blake\Debug\link.7048-cvtres.read.1.tlog
D:\9833238_CNC\blake\blake\Debug\link.7048-cvtres.write.1.tlog
D:\9833238_CNC\blake\blake\Debug\link.7056.read.1.tlog
D:\9833238_CNC\blake\blake\Debug\link.7056.write.1.tlog
D:\9833238_CNC\blake\blake\Debug\link.7056-cvtres.read.1.tlog
D:\9833238_CNC\blake\blake\Debug\link.7056-cvtres.write.1.tlog
D:\9833238_CNC\blake\blake\Debug\link.7064.read.1.tlog
D:\9833238_CNC\blake\blake\Debug\link.7064.write.1.tlog
D:\9833238_CNC\blake\blake\Debug\link.7064-cvtres.read.1.tlog
D:\9833238_CNC\blake\blake\Debug\link.7064-cvtres.write.1.tlog
D:\9833238_CNC\blake\blake\Debug\link.7068.read.1.tlog
D:\9833238_CNC\blake\blake\Debug\link.7068.write.1.tlog
D:\9833238_CNC\blake\blake\Debug\link.7068-cvtres.read.1.tlog
D:\9833238_CNC\blake\blake\Debug\link.7068-cvtres.write.1.tlog
D:\9833238_CNC\blake\blake\Debug\link.7076.read.1.tlog
D:\9833238_CNC\blake\blake\Debug\link.7076.write.1.tlog
D:\9833238_CNC\blake\blake\Debug\link.7076-cvtres.read.1.tlog
D:\9833238_CNC\blake\blake\Debug\link.7076-cvtres.write.1.tlog
D:\9833238_CNC\blake\blake\Debug\link.7080.read.1.tlog
D:\9833238_CNC\blake\blake\Debug\link.7080.write.1.tlog
D:\9833238_CNC\blake\blake\Debug\link.7080-cvtres.read.1.tlog
D:\9833238_CNC\blake\blake\Debug\link.7080-cvtres.write.1.tlog
D:\9833238_CNC\blake\blake\Debug\link.7100.read.1.tlog
D:\9833238_CNC\blake\blake\Debug\link.7100.write.1.tlog
D:\9833238_CNC\blake\blake\Debug\link.7100-cvtres.read.1.tlog
D:\9833238_CNC\blake\blake\Debug\link.7100-cvtres.write.1.tlog
D:\9833238_CNC\blake\blake\Debug\link.7104.read.1.tlog
D:\9833238_CNC\blake\blake\Debug\link.7104.write.1.tlog
D:\9833238_CNC\blake\blake\Debug\link.7104-cvtres.read.1.tlog
D:\9833238_CNC\blake\blake\Debug\link.7104-cvtres.write.1.tlog
D:\9833238_CNC\blake\blake\Debug\link.7112.read.1.tlog
D:\9833238_CNC\blake\blake\Debug\link.7112.write.1.tlog
D:\9833238_CNC\blake\blake\Debug\link.7112-cvtres.read.1.tlog
D:\9833238_CNC\blake\blake\Debug\link.7112-cvtres.write.1.tlog
D:\9833238_CNC\blake\blake\Debug\link.7116.read.1.tlog
D:\9833238_CNC\blake\blake\Debug\link.7116.write.1.tlog
D:\9833238_CNC\blake\blake\Debug\link.7116-cvtres.read.1.tlog
D:\9833238_CNC\blake\blake\Debug\link.7116-cvtres.write.1.tlog
D:\9833238_CNC\blake\blake\Debug\link.7124.read.1.tlog
D:\9833238_CNC\blake\blake\Debug\link.7124.write.1.tlog
D:\9833238_CNC\blake\blake\Debug\link.7124-cvtres.read.1.tlog
D:\9833238_CNC\blake\blake\Debug\link.7124-cvtres.write.1.tlog
D:\9833238_CNC\blake\blake\Debug\link.7128.read.1.tlog
D:\9833238_CNC\blake\blake\Debug\link.7128.write.1.tlog
D:\9833238_CNC\blake\blake\Debug\link.7128-cvtres.read.1.tlog
D:\9833238_CNC\blake\blake\Debug\link.7128-cvtres.write.1.tlog
D:\9833238_CNC\blake\blake\Debug\link.7164.read.1.tlog
D:\9833238_CNC\blake\blake\Debug\link.7164.write.1.tlog
D:\9833238_CNC\blake\blake\Debug\link.7164-cvtres.read.1.tlog
D:\9833238_CNC\blake\blake\Debug\link.7164-cvtres.write.1.tlog
D:\9833238_CNC\blake\blake\Debug\link.7232.read.1.tlog
D:\9833238_CNC\blake\blake\Debug\link.7232.write.1.tlog
D:\9833238_CNC\blake\blake\Debug\link.7232-cvtres.read.1.tlog
D:\9833238_CNC\blake\blake\Debug\link.7232-cvtres.write.1.tlog
D:\9833238_CNC\blake\blake\Debug\link.7288.read.1.tlog
D:\9833238_CNC\blake\blake\Debug\link.7288.write.1.tlog
D:\9833238_CNC\blake\blake\Debug\link.7288-cvtres.read.1.tlog
D:\9833238_CNC\blake\blake\Debug\link.7288-cvtres.write.1.tlog
D:\9833238_CNC\blake\blake\Debug\link.7352.read.1.tlog
D:\9833238_CNC\blake\blake\Debug\link.7352.write.1.tlog
D:\9833238_CNC\blake\blake\Debug\link.7352-cvtres.read.1.tlog
D:\9833238_CNC\blake\blake\Debug\link.7352-cvtres.write.1.tlog
D:\9833238_CNC\blake\blake\Debug\link.7420.read.1.tlog
D:\9833238_CNC\blake\blake\Debug\link.7420.write.1.tlog
D:\9833238_CNC\blake\blake\Debug\link.7420-cvtres.read.1.tlog
D:\9833238_CNC\blake\blake\Debug\link.7420-cvtres.write.1.tlog
D:\9833238_CNC\blake\blake\Debug\link.7600.read.1.tlog
D:\9833238_CNC\blake\blake\Debug\link.7600.write.1.tlog
D:\9833238_CNC\blake\blake\Debug\link.7600-cvtres.read.1.tlog
D:\9833238_CNC\blake\blake\Debug\link.7600-cvtres.write.1.tlog
D:\9833238_CNC\blake\blake\Debug\link.7604.read.1.tlog
D:\9833238_CNC\blake\blake\Debug\link.7604.write.1.tlog
D:\9833238_CNC\blake\blake\Debug\link.7604-cvtres.read.1.tlog
D:\9833238_CNC\blake\blake\Debug\link.7604-cvtres.write.1.tlog
D:\9833238_CNC\blake\blake\Debug\link.7640.read.1.tlog
D:\9833238_CNC\blake\blake\Debug\link.7640.write.1.tlog
D:\9833238_CNC\blake\blake\Debug\link.7640-cvtres.read.1.tlog
D:\9833238_CNC\blake\blake\Debug\link.7640-cvtres.write.1.tlog
D:\9833238_CNC\blake\blake\Debug\link.7688.read.1.tlog
D:\9833238_CNC\blake\blake\Debug\link.7688.write.1.tlog
D:\9833238_CNC\blake\blake\Debug\link.7688-cvtres.read.1.tlog
D:\9833238_CNC\blake\blake\Debug\link.7688-cvtres.write.1.tlog
D:\9833238_CNC\blake\blake\Debug\link.7692.read.1.tlog
D:\9833238_CNC\blake\blake\Debug\link.7692.write.1.tlog
D:\9833238_CNC\blake\blake\Debug\link.7692-cvtres.read.1.tlog
D:\9833238_CNC\blake\blake\Debug\link.7692-cvtres.write.1.tlog
D:\9833238_CNC\blake\blake\Debug\link.7708.read.1.tlog
D:\9833238_CNC\blake\blake\Debug\link.7708.write.1.tlog
D:\9833238_CNC\blake\blake\Debug\link.7708-cvtres.read.1.tlog
D:\9833238_CNC\blake\blake\Debug\link.7708-cvtres.write.1.tlog
D:\9833238_CNC\blake\blake\Debug\link.7780.read.1.tlog
D:\9833238_CNC\blake\blake\Debug\link.7780.write.1.tlog
D:\9833238_CNC\blake\blake\Debug\link.7780-cvtres.read.1.tlog
D:\9833238_CNC\blake\blake\Debug\link.7780-cvtres.write.1.tlog
D:\9833238_CNC\blake\blake\Debug\link.7812.read.1.tlog
D:\9833238_CNC\blake\blake\Debug\link.7812.write.1.tlog
D:\9833238_CNC\blake\blake\Debug\link.7812-cvtres.read.1.tlog
D:\9833238_CNC\blake\blake\Debug\link.7812-cvtres.write.1.tlog
D:\9833238_CNC\blake\blake\Debug\link.7820.read.1.tlog
D:\9833238_CNC\blake\blake\Debug\link.7820.write.1.tlog
D:\9833238_CNC\blake\blake\Debug\link.7820-cvtres.read.1.tlog
D:\9833238_CNC\blake\blake\Debug\link.7820-cvtres.write.1.tlog
D:\9833238_CNC\blake\blake\Debug\link.7832.read.1.tlog
D:\9833238_CNC\blake\blake\Debug\link.7832.write.1.tlog
D:\9833238_CNC\blake\blake\Debug\link.7832-cvtres.read.1.tlog
D:\9833238_CNC\blake\blake\Debug\link.7832-cvtres.write.1.tlog
D:\9833238_CNC\blake\blake\Debug\link.7896.read.1.tlog
D:\9833238_CNC\blake\blake\Debug\link.7896.write.1.tlog
D:\9833238_CNC\blake\blake\Debug\link.7896-cvtres.read.1.tlog
D:\9833238_CNC\blake\blake\Debug\link.7896-cvtres.write.1.tlog
D:\9833238_CNC\blake\blake\Debug\link.7900.read.1.tlog
D:\9833238_CNC\blake\blake\Debug\link.7900.write.1.tlog
D:\9833238_CNC\blake\blake\Debug\link.7900-cvtres.read.1.tlog
D:\9833238_CNC\blake\blake\Debug\link.7900-cvtres.write.1.tlog
D:\9833238_CNC\blake\blake\Debug\link.792.read.1.tlog
D:\9833238_CNC\blake\blake\Debug\link.792.write.1.tlog
D:\9833238_CNC\blake\blake\Debug\link.792-cvtres.read.1.tlog
D:\9833238_CNC\blake\blake\Debug\link.792-cvtres.write.1.tlog
D:\9833238_CNC\blake\blake\Debug\link.7964.read.1.tlog
D:\9833238_CNC\blake\blake\Debug\link.7964.write.1.tlog
D:\9833238_CNC\blake\blake\Debug\link.7964-cvtres.read.1.tlog
D:\9833238_CNC\blake\blake\Debug\link.7964-cvtres.write.1.tlog
D:\9833238_CNC\blake\blake\Debug\link.8012.read.1.tlog
D:\9833238_CNC\blake\blake\Debug\link.8012.write.1.tlog
D:\9833238_CNC\blake\blake\Debug\link.8012-cvtres.read.1.tlog
D:\9833238_CNC\blake\blake\Debug\link.8012-cvtres.write.1.tlog
D:\9833238_CNC\blake\blake\Debug\link.8032.read.1.tlog
D:\9833238_CNC\blake\blake\Debug\link.8032.write.1.tlog
D:\9833238_CNC\blake\blake\Debug\link.8032-cvtres.read.1.tlog
D:\9833238_CNC\blake\blake\Debug\link.8032-cvtres.write.1.tlog
D:\9833238_CNC\blake\blake\Debug\link.8060.read.1.tlog
D:\9833238_CNC\blake\blake\Debug\link.8060.write.1.tlog
D:\9833238_CNC\blake\blake\Debug\link.8060-cvtres.read.1.tlog
D:\9833238_CNC\blake\blake\Debug\link.8060-cvtres.write.1.tlog
D:\9833238_CNC\blake\blake\Debug\link.8144.read.1.tlog
D:\9833238_CNC\blake\blake\Debug\link.8144.write.1.tlog
D:\9833238_CNC\blake\blake\Debug\link.8144-cvtres.read.1.tlog
D:\9833238_CNC\blake\blake\Debug\link.8144-cvtres.write.1.tlog
D:\9833238_CNC\blake\blake\Debug\link.996.read.1.tlog
D:\9833238_CNC\blake\blake\Debug\link.996.write.1.tlog
D:\9833238_CNC\blake\blake\Debug\link.996-cvtres.read.1.tlog
D:\9833238_CNC\blake\blake\Debug\link.996-cvtres.write.1.tlog
D:\9833238_CNC\blake\blake\Debug\link.command.1.tlog
D:\9833238_CNC\blake\blake\Debug\link.read.1.tlog
D:\9833238_CNC\blake\blake\Debug\link.write.1.tlog
D:\9833238_CNC\BLAKE\BLAKE\DEBUG\MMI.OBJ
D:\9833238_CNC\blake\blake\Debug\mt.command.1.tlog
D:\9833238_CNC\blake\blake\Debug\mt.read.1.tlog
D:\9833238_CNC\blake\blake\Debug\mt.write.1.tlog
D:\9833238_CNC\blake\blake\Debug\rc.command.1.tlog
D:\9833238_CNC\blake\blake\Debug\rc.read.1.tlog
D:\9833238_CNC\blake\blake\Debug\rc.write.1.tlog
D:\9833238_CNC\BLAKE\BLAKE\DEBUG\STDAFX.OBJ
D:\9833238_CNC\BLAKE\BLAKE\DEBUG\SYS.OBJ
D:\9833238_CNC\BLAKE\BLAKE\DEBUG\VC100.PDB
D:\9833238_CNC\BLAKE\DEBUG\BLAKE.EXE
D:\9833238_CNC\BLAKE\DEBUG\BLAKE.ILK
D:\9833238_CNC\BLAKE\DEBUG\BLAKE.PDB
